<?xml version="1.0" encoding="UTF-8"?>
<testsuite xmlns:xsi="http://www.w3.org/2001/XMLSchema-instance" xsi:noNamespaceSchemaLocation="https://maven.apache.org/surefire/maven-surefire-plugin/xsd/surefire-test-report.xsd" version="3.0.2" name="com.fregrance.app.ReservationApiTests" time="0.576" tests="9" errors="0" skipped="0" failures="0">
  <properties>
[...]
</properties>
  <testcase name="createReservationReturnsBadRequestWhenRequiredFieldsAreMissing" classname="com.fregrance.app.ReservationApiTests" time="0.074">
    <system-out><![CDATA[2026-03-31T16:30:48.282+09:00 DEBUG 16424 --- [fregrance] [           main] .b.t.c.SpringBootTestContextBootstrapper : Neither @ContextConfiguration nor @ContextHierarchy found for test class [ReservationApiTests]: using SpringBootContextLoader
2026-03-31T16:30:48.290+09:00  INFO 16424 --- [fregrance] [           main] t.c.s.AnnotationConfigContextLoaderUtils : Could not detect default configuration classes for test class [com.fregrance.app.ReservationApiTests]: ReservationApiTests does not declare any static, non-private, non-final, nested classes annotated with @Configuration.
2026-03-31T16:30:48.292+09:00 DEBUG 16424 --- [fregrance] [           main] .b.t.c.SpringBootTestContextBootstrapper : Using ContextCustomizerFactory implementations for test class [ReservationApiTests]: [ImportsContextCustomizerFactory, ExcludeFilterContextCustomizerFactory, HttpGraphQlTesterContextCustomizerFactory, DuplicateJsonObjectContextCustomizerFactory, MockitoContextCustomizerFactory, TestRestTemplateContextCustomizerFactory, WebTestClientContextCustomizerFactory, DisableReactorResourceFactoryGlobalResourcesContextCustomizerFactory, OnFailureConditionReportContextCustomizerFactory, OverrideAutoConfigurationContextCustomizerFactory, ObservabilityContextCustomizerFactory, TypeExcludeFiltersContextCustomizerFactory, PropertyMappingContextCustomizerFactory, WebDriverContextCustomizerFactory, BeanOverrideContextCustomizerFactory, MockServerContainerContextCustomizerFactory, DynamicPropertiesContextCustomizerFactory]
2026-03-31T16:30:48.294+09:00 DEBUG 16424 --- [fregrance] [           main] .b.t.c.SpringBootTestContextBootstrapper : Using ContextCustomizers for test class [ReservationApiTests]: [ExcludeFilterContextCustomizer, DuplicateJsonObjectContextCustomizer, MockitoContextCustomizer, TestRestTemplateContextCustomizer, DisableReactorResourceFactoryGlobalResourcesContextCustomizerCustomizer, OnFailureConditionReportContextCustomizer, DisableObservabilityContextCustomizer, PropertyMappingContextCustomizer, WebDriverContextCustomizer, DynamicPropertiesContextCustomizer]
2026-03-31T16:30:48.295+09:00  INFO 16424 --- [fregrance] [           main] .b.t.c.SpringBootTestContextBootstrapper : Found @SpringBootConfiguration com.fregrance.app.FregranceApplication for test class com.fregrance.app.ReservationApiTests
2026-03-31T16:30:48.299+09:00 DEBUG 16424 --- [fregrance] [           main] .b.t.c.SpringBootTestContextBootstrapper : Using TestExecutionListeners for test class [ReservationApiTests]: [ServletTestExecutionListener, DirtiesContextBeforeModesTestExecutionListener, ApplicationEventsTestExecutionListener, MockitoTestExecutionListener, BeanOverrideTestExecutionListener, DependencyInjectionTestExecutionListener, DirtiesContextTestExecutionListener, CommonCachesTestExecutionListener, TransactionalTestExecutionListener, SqlScriptsTestExecutionListener, EventPublishingTestExecutionListener, WithSecurityContextTestExecutionListener, ReactorContextTestExecutionListener, ResetMocksTestExecutionListener, RestDocsTestExecutionListener, MockRestServiceServerResetTestExecutionListener, MockMvcPrintOnlyOnFailureTestExecutionListener, WebDriverTestExecutionListener, MockWebServiceServerTestExecutionListener, MockitoResetTestExecutionListener]
2026-03-31T16:30:48.329+09:00 DEBUG 16424 --- [fregrance] [           main] o.s.web.client.RestTemplate              : HTTP POST http://localhost:65013/api/reservations
2026-03-31T16:30:48.330+09:00 DEBUG 16424 --- [fregrance] [           main] o.s.web.client.RestTemplate              : Accept=[text/plain, application/json, application/*+json, */*]
2026-03-31T16:30:48.331+09:00 DEBUG 16424 --- [fregrance] [           main] o.s.web.client.RestTemplate              : Writing [{slotId=, guestCount=, slotLabel=, visitType=初回ワークショップ}] as "application/json"
2026-03-31T16:30:48.340+09:00 DEBUG 16424 --- [fregrance] [o-auto-1-exec-8] o.s.web.servlet.DispatcherServlet        : POST "/api/reservations", parameters={}
2026-03-31T16:30:48.341+09:00 DEBUG 16424 --- [fregrance] [o-auto-1-exec-8] s.w.s.m.m.a.RequestMappingHandlerMapping : Mapped to com.fregrance.app.controller.ReservationApiController#createReservation(ReservationForm)
2026-03-31T16:30:48.348+09:00 DEBUG 16424 --- [fregrance] [o-auto-1-exec-8] m.m.a.RequestResponseBodyMethodProcessor : Read "application/json;charset=UTF-8" to [com.fregrance.app.form.ReservationForm@3a515cb8]
2026-03-31T16:30:48.358+09:00 DEBUG 16424 --- [fregrance] [o-auto-1-exec-8] .m.m.a.ExceptionHandlerExceptionResolver : Using @ExceptionHandler com.fregrance.app.advice.ApiExceptionHandler#handleValidation(MethodArgumentNotValidException)
2026-03-31T16:30:48.359+09:00 DEBUG 16424 --- [fregrance] [o-auto-1-exec-8] o.s.w.s.m.m.a.HttpEntityMethodProcessor  : Using 'application/json', given [text/plain, application/json, application/*+json, */*] and supported [application/json, application/*+json]
2026-03-31T16:30:48.359+09:00 DEBUG 16424 --- [fregrance] [o-auto-1-exec-8] o.s.w.s.m.m.a.HttpEntityMethodProcessor  : Writing [ErrorResponse[code=VALIDATION_ERROR, message=Request validation failed, timestamp=2026-03-31T16:30:4 (truncated)...]
2026-03-31T16:30:48.360+09:00 DEBUG 16424 --- [fregrance] [o-auto-1-exec-8] .m.m.a.ExceptionHandlerExceptionResolver : Resolved [org.springframework.web.bind.MethodArgumentNotValidException: Validation failed for argument [0] in public org.springframework.http.ResponseEntity<com.fregrance.app.dto.ReservationResponse> com.fregrance.app.controller.ReservationApiController.createReservation(com.fregrance.app.form.ReservationForm) with 3 errors: [Field error in object 'reservationForm' on field 'guestCount': rejected value []; codes [NotBlank.reservationForm.guestCount,NotBlank.guestCount,NotBlank.java.lang.String,NotBlank]; arguments [org.springframework.context.support.DefaultMessageSourceResolvable: codes [reservationForm.guestCount,guestCount]; arguments []; default message [guestCount]]; default message [guestCount is required]] [Field error in object 'reservationForm' on field 'slotId': rejected value []; codes [NotBlank.reservationForm.slotId,NotBlank.slotId,NotBlank.java.lang.String,NotBlank]; arguments [org.springframework.context.support.DefaultMessageSourceResolvable: codes [reservationForm.slotId,slotId]; arguments []; default message [slotId]]; default message [slotId is required]] [Field error in object 'reservationForm' on field 'slotLabel': rejected value []; codes [NotBlank.reservationForm.slotLabel,NotBlank.slotLabel,NotBlank.java.lang.String,NotBlank]; arguments [org.springframework.context.support.DefaultMessageSourceResolvable: codes [reservationForm.slotLabel,slotLabel]; arguments []; default message [slotLabel]]; default message [slotLabel is required]] ]
2026-03-31T16:30:48.361+09:00 DEBUG 16424 --- [fregrance] [           main] o.s.web.client.RestTemplate              : Response 400 BAD_REQUEST
2026-03-31T16:30:48.361+09:00 DEBUG 16424 --- [fregrance] [o-auto-1-exec-8] o.s.web.servlet.DispatcherServlet        : Completed 400 BAD_REQUEST
2026-03-31T16:30:48.361+09:00 DEBUG 16424 --- [fregrance] [           main] o.s.web.client.RestTemplate              : Reading to [java.lang.String] as "application/json"
2026-03-31T16:30:48.366+09:00 DEBUG 16424 --- [fregrance] [           main] o.s.jdbc.core.JdbcTemplate               : Executing prepared SQL update
2026-03-31T16:30:48.367+09:00 DEBUG 16424 --- [fregrance] [           main] o.s.jdbc.core.JdbcTemplate               : Executing prepared SQL statement [DELETE FROM reservations WHERE reservation_slot_id IN (SELECT id FROM reservation_slots WHERE slot_date IN (?, ?, ?))]
2026-03-31T16:30:48.377+09:00 DEBUG 16424 --- [fregrance] [           main] o.s.jdbc.core.JdbcTemplate               : Executing prepared SQL update
2026-03-31T16:30:48.378+09:00 DEBUG 16424 --- [fregrance] [           main] o.s.jdbc.core.JdbcTemplate               : Executing prepared SQL statement [DELETE FROM reservation_slots WHERE slot_date IN (?, ?, ?)]
2026-03-31T16:30:48.379+09:00 DEBUG 16424 --- [fregrance] [           main] o.s.jdbc.core.JdbcTemplate               : Executing prepared SQL update
2026-03-31T16:30:48.379+09:00 DEBUG 16424 --- [fregrance] [           main] o.s.jdbc.core.JdbcTemplate               : Executing prepared SQL statement [DELETE FROM questionnaire_results WHERE route_code = ?]
]]></system-out>
  </testcase>
  <testcase name="reservationSlotsEndpointReturnsEmptyArrayWhenNoSlotsExist" classname="com.fregrance.app.ReservationApiTests" time="0.079">
    <system-out><![CDATA[2026-03-31T16:30:48.396+09:00 DEBUG 16424 --- [fregrance] [           main] o.s.jdbc.core.JdbcTemplate               : Executing prepared SQL update
2026-03-31T16:30:48.396+09:00 DEBUG 16424 --- [fregrance] [           main] o.s.jdbc.core.JdbcTemplate               : Executing prepared SQL statement [DELETE FROM reservation_slots WHERE slot_date = ?]
2026-03-31T16:30:48.399+09:00 DEBUG 16424 --- [fregrance] [           main] o.s.web.client.RestTemplate              : HTTP GET http://localhost:65013/api/reservation-slots?date=2099-12-29
2026-03-31T16:30:48.399+09:00 DEBUG 16424 --- [fregrance] [           main] o.s.web.client.RestTemplate              : Accept=[text/plain, application/json, application/*+json, */*]
2026-03-31T16:30:48.410+09:00 DEBUG 16424 --- [fregrance] [o-auto-1-exec-9] o.s.web.servlet.DispatcherServlet        : GET "/api/reservation-slots?date=2099-12-29", parameters={masked}
2026-03-31T16:30:48.411+09:00 DEBUG 16424 --- [fregrance] [o-auto-1-exec-9] s.w.s.m.m.a.RequestMappingHandlerMapping : Mapped to com.fregrance.app.controller.ReservationApiController#getAvailableSlots(LocalDate)
2026-03-31T16:30:48.459+09:00 DEBUG 16424 --- [fregrance] [o-auto-1-exec-9] m.m.a.RequestResponseBodyMethodProcessor : Using 'application/json', given [text/plain, application/json, application/*+json, */*] and supported [application/json, application/*+json]
2026-03-31T16:30:48.459+09:00 DEBUG 16424 --- [fregrance] [o-auto-1-exec-9] m.m.a.RequestResponseBodyMethodProcessor : Writing [[]]
2026-03-31T16:30:48.461+09:00 DEBUG 16424 --- [fregrance] [o-auto-1-exec-9] o.s.web.servlet.DispatcherServlet        : Completed 200 OK
2026-03-31T16:30:48.462+09:00 DEBUG 16424 --- [fregrance] [           main] o.s.web.client.RestTemplate              : Response 200 OK
2026-03-31T16:30:48.462+09:00 DEBUG 16424 --- [fregrance] [           main] o.s.web.client.RestTemplate              : Reading to [java.lang.String] as "application/json"
2026-03-31T16:30:48.463+09:00 DEBUG 16424 --- [fregrance] [           main] o.s.jdbc.core.JdbcTemplate               : Executing prepared SQL update
2026-03-31T16:30:48.463+09:00 DEBUG 16424 --- [fregrance] [           main] o.s.jdbc.core.JdbcTemplate               : Executing prepared SQL statement [DELETE FROM reservations WHERE reservation_slot_id IN (SELECT id FROM reservation_slots WHERE slot_date IN (?, ?, ?))]
2026-03-31T16:30:48.464+09:00 DEBUG 16424 --- [fregrance] [           main] o.s.jdbc.core.JdbcTemplate               : Executing prepared SQL update
2026-03-31T16:30:48.465+09:00 DEBUG 16424 --- [fregrance] [           main] o.s.jdbc.core.JdbcTemplate               : Executing prepared SQL statement [DELETE FROM reservation_slots WHERE slot_date IN (?, ?, ?)]
2026-03-31T16:30:48.465+09:00 DEBUG 16424 --- [fregrance] [           main] o.s.jdbc.core.JdbcTemplate               : Executing prepared SQL update
2026-03-31T16:30:48.466+09:00 DEBUG 16424 --- [fregrance] [           main] o.s.jdbc.core.JdbcTemplate               : Executing prepared SQL statement [DELETE FROM questionnaire_results WHERE route_code = ?]
]]></system-out>
  </testcase>
  <testcase name="createReservationReturnsConflictWhenSameSlotIsReservedTwice" classname="com.fregrance.app.ReservationApiTests" time="0.09">
    <system-out><![CDATA[2026-03-31T16:30:48.481+09:00 DEBUG 16424 --- [fregrance] [           main] o.s.jdbc.core.JdbcTemplate               : Executing prepared SQL update
2026-03-31T16:30:48.482+09:00 DEBUG 16424 --- [fregrance] [           main] o.s.jdbc.core.JdbcTemplate               : Executing prepared SQL statement [DELETE FROM reservation_slots WHERE slot_date = ?]
2026-03-31T16:30:48.483+09:00 DEBUG 16424 --- [fregrance] [           main] o.s.jdbc.core.JdbcTemplate               : Executing prepared SQL update
2026-03-31T16:30:48.483+09:00 DEBUG 16424 --- [fregrance] [           main] o.s.jdbc.core.JdbcTemplate               : Executing prepared SQL statement [INSERT INTO reservation_slots (slot_date, slot_time, status, instructor_name, created_at, updated_at) VALUES (?, '10:30:00', 'open', ?, CURRENT_TIMESTAMP, CURRENT_TIMESTAMP)]
2026-03-31T16:30:48.492+09:00 DEBUG 16424 --- [fregrance] [           main] o.s.web.client.RestTemplate              : HTTP POST http://localhost:65013/api/reservations
2026-03-31T16:30:48.493+09:00 DEBUG 16424 --- [fregrance] [           main] o.s.web.client.RestTemplate              : Accept=[text/plain, application/json, application/*+json, */*]
2026-03-31T16:30:48.493+09:00 DEBUG 16424 --- [fregrance] [           main] o.s.web.client.RestTemplate              : Writing [{slotId=2099-12-30_1030, slotLabel=12/30 10:30, visitType=初回ワークショップ, guestCount=1名, staffMemo=テスト予約}] as "application/json"
2026-03-31T16:30:48.496+09:00 DEBUG 16424 --- [fregrance] [o-auto-1-exec-6] o.s.web.servlet.DispatcherServlet        : POST "/api/reservations", parameters={}
2026-03-31T16:30:48.496+09:00 DEBUG 16424 --- [fregrance] [o-auto-1-exec-6] s.w.s.m.m.a.RequestMappingHandlerMapping : Mapped to com.fregrance.app.controller.ReservationApiController#createReservation(ReservationForm)
2026-03-31T16:30:48.497+09:00 DEBUG 16424 --- [fregrance] [o-auto-1-exec-6] m.m.a.RequestResponseBodyMethodProcessor : Read "application/json;charset=UTF-8" to [com.fregrance.app.form.ReservationForm@f25d658]
2026-03-31T16:30:48.530+09:00 DEBUG 16424 --- [fregrance] [o-auto-1-exec-6] o.s.w.s.m.m.a.HttpEntityMethodProcessor  : Using 'application/json', given [text/plain, application/json, application/*+json, */*] and supported [application/json, application/*+json]
2026-03-31T16:30:48.533+09:00 DEBUG 16424 --- [fregrance] [o-auto-1-exec-6] o.s.w.s.m.m.a.HttpEntityMethodProcessor  : Writing [ReservationResponse[reservationCode=5B5386C2, slotId=2099-12-30_1030, slotLabel=12/30 10:30, visitTy (truncated)...]
2026-03-31T16:30:48.534+09:00 DEBUG 16424 --- [fregrance] [o-auto-1-exec-6] o.s.web.servlet.DispatcherServlet        : Completed 201 CREATED
2026-03-31T16:30:48.535+09:00 DEBUG 16424 --- [fregrance] [           main] o.s.web.client.RestTemplate              : Response 201 CREATED
2026-03-31T16:30:48.536+09:00 DEBUG 16424 --- [fregrance] [           main] o.s.web.client.RestTemplate              : Reading to [java.lang.String] as "application/json"
2026-03-31T16:30:48.537+09:00 DEBUG 16424 --- [fregrance] [           main] o.s.web.client.RestTemplate              : HTTP POST http://localhost:65013/api/reservations
2026-03-31T16:30:48.537+09:00 DEBUG 16424 --- [fregrance] [           main] o.s.web.client.RestTemplate              : Accept=[text/plain, application/json, application/*+json, */*]
2026-03-31T16:30:48.538+09:00 DEBUG 16424 --- [fregrance] [           main] o.s.web.client.RestTemplate              : Writing [{visitType=初回ワークショップ, staffMemo=重複予約, guestCount=1名, slotLabel=12/30 10:30, slotId=2099-12-30_1030}] as "application/json"
2026-03-31T16:30:48.540+09:00 DEBUG 16424 --- [fregrance] [-auto-1-exec-10] o.s.web.servlet.DispatcherServlet        : POST "/api/reservations", parameters={}
2026-03-31T16:30:48.540+09:00 DEBUG 16424 --- [fregrance] [-auto-1-exec-10] s.w.s.m.m.a.RequestMappingHandlerMapping : Mapped to com.fregrance.app.controller.ReservationApiController#createReservation(ReservationForm)
2026-03-31T16:30:48.541+09:00 DEBUG 16424 --- [fregrance] [-auto-1-exec-10] m.m.a.RequestResponseBodyMethodProcessor : Read "application/json;charset=UTF-8" to [com.fregrance.app.form.ReservationForm@22c7d9cf]
2026-03-31T16:30:48.546+09:00 DEBUG 16424 --- [fregrance] [-auto-1-exec-10] .m.m.a.ExceptionHandlerExceptionResolver : Using @ExceptionHandler com.fregrance.app.advice.ApiExceptionHandler#handleReservationConflict(ReservationConflictException)
2026-03-31T16:30:48.547+09:00 DEBUG 16424 --- [fregrance] [-auto-1-exec-10] o.s.w.s.m.m.a.HttpEntityMethodProcessor  : Using 'application/json', given [text/plain, application/json, application/*+json, */*] and supported [application/json, application/*+json]
2026-03-31T16:30:48.547+09:00 DEBUG 16424 --- [fregrance] [-auto-1-exec-10] o.s.w.s.m.m.a.HttpEntityMethodProcessor  : Writing [ErrorResponse[code=RESERVATION_CONFLICT, message=Selected reservation slot is no longer available, t (truncated)...]
2026-03-31T16:30:48.549+09:00 DEBUG 16424 --- [fregrance] [-auto-1-exec-10] .m.m.a.ExceptionHandlerExceptionResolver : Resolved [com.fregrance.app.exception.ReservationConflictException: Selected reservation slot is no longer available]
2026-03-31T16:30:48.549+09:00 DEBUG 16424 --- [fregrance] [-auto-1-exec-10] o.s.web.servlet.DispatcherServlet        : Completed 409 CONFLICT
2026-03-31T16:30:48.550+09:00 DEBUG 16424 --- [fregrance] [           main] o.s.web.client.RestTemplate              : Response 409 CONFLICT
2026-03-31T16:30:48.550+09:00 DEBUG 16424 --- [fregrance] [           main] o.s.web.client.RestTemplate              : Reading to [java.lang.String] as "application/json"
2026-03-31T16:30:48.551+09:00 DEBUG 16424 --- [fregrance] [           main] o.s.jdbc.core.JdbcTemplate               : Executing prepared SQL update
2026-03-31T16:30:48.551+09:00 DEBUG 16424 --- [fregrance] [           main] o.s.jdbc.core.JdbcTemplate               : Executing prepared SQL statement [DELETE FROM reservations WHERE reservation_slot_id IN (SELECT id FROM reservation_slots WHERE slot_date IN (?, ?, ?))]
2026-03-31T16:30:48.555+09:00 DEBUG 16424 --- [fregrance] [           main] o.s.jdbc.core.JdbcTemplate               : Executing prepared SQL update
2026-03-31T16:30:48.555+09:00 DEBUG 16424 --- [fregrance] [           main] o.s.jdbc.core.JdbcTemplate               : Executing prepared SQL statement [DELETE FROM reservation_slots WHERE slot_date IN (?, ?, ?)]
2026-03-31T16:30:48.558+09:00 DEBUG 16424 --- [fregrance] [           main] o.s.jdbc.core.JdbcTemplate               : Executing prepared SQL update
2026-03-31T16:30:48.558+09:00 DEBUG 16424 --- [fregrance] [           main] o.s.jdbc.core.JdbcTemplate               : Executing prepared SQL statement [DELETE FROM questionnaire_results WHERE route_code = ?]
]]></system-out>
  </testcase>
  <testcase name="createReservationReturnsBadRequestWhenStaffMemoExceedsLimit" classname="com.fregrance.app.ReservationApiTests" time="0.022">
    <system-out><![CDATA[2026-03-31T16:30:48.571+09:00 DEBUG 16424 --- [fregrance] [           main] o.s.web.client.RestTemplate              : HTTP POST http://localhost:65013/api/reservations
2026-03-31T16:30:48.573+09:00 DEBUG 16424 --- [fregrance] [           main] o.s.web.client.RestTemplate              : Accept=[text/plain, application/json, application/*+json, */*]
2026-03-31T16:30:48.573+09:00 DEBUG 16424 --- [fregrance] [           main] o.s.web.client.RestTemplate              : Writing [{visitType=初回ワークショップ, staffMemo=aaaaaaaaaaaaaaaaaaaaaaaaaaaaaaaaaaaaaaaaaaaaaaaaaaaaaaaaaaaaaaaaaaaaaaaaaaaaaaaaaaaaaaaaaaaaaaaaaaaaaaaaaaaaaaaaaaaaaaaaaaaaaaaaaaaaaaaaaaaaaaaaaaaaaaaaaaaaaaaaaaaaaaaaaaaaaaaaaaaaaaaaaaaaaaaaaaaaaaaaaaaaaaaaaaaaaaaaaaaaaaaaaaaaaaaaaaaaaaaaaaaaaaaaaaaaaaaaaaaaaaaaaaaaaaaaaaaaaaaaaaaaaaaaaaaaaaaaaaaaaaaaaaaaaaaaaaaaaaaaaaaaaaaaaaaaaaaaaaaaaaaaaaaaaaaaaaaaaaaaaaaaaaaaaaaaaaaaaaaaaaaaaaaaaaaaaaaaaaaaaaaaaaaaaaaaaaaaaaaaaaaaaaaaaaaaaaaaaaaaaaaaaaaaaaaaaaaaaaaaaaaaaaaaaaaaaaaaaaaaaaaaaaaaaaaaaaaaaaaaa, guestCount=1名, slotLabel=12/30 10:30, slotId=2099-12-30_1030}] as "application/json"
2026-03-31T16:30:48.577+09:00 DEBUG 16424 --- [fregrance] [o-auto-1-exec-1] o.s.web.servlet.DispatcherServlet        : POST "/api/reservations", parameters={}
2026-03-31T16:30:48.577+09:00 DEBUG 16424 --- [fregrance] [o-auto-1-exec-1] s.w.s.m.m.a.RequestMappingHandlerMapping : Mapped to com.fregrance.app.controller.ReservationApiController#createReservation(ReservationForm)
2026-03-31T16:30:48.578+09:00 DEBUG 16424 --- [fregrance] [o-auto-1-exec-1] m.m.a.RequestResponseBodyMethodProcessor : Read "application/json;charset=UTF-8" to [com.fregrance.app.form.ReservationForm@763a94a8]
2026-03-31T16:30:48.579+09:00 DEBUG 16424 --- [fregrance] [o-auto-1-exec-1] .m.m.a.ExceptionHandlerExceptionResolver : Using @ExceptionHandler com.fregrance.app.advice.ApiExceptionHandler#handleValidation(MethodArgumentNotValidException)
2026-03-31T16:30:48.580+09:00 DEBUG 16424 --- [fregrance] [o-auto-1-exec-1] o.s.w.s.m.m.a.HttpEntityMethodProcessor  : Using 'application/json', given [text/plain, application/json, application/*+json, */*] and supported [application/json, application/*+json]
2026-03-31T16:30:48.580+09:00 DEBUG 16424 --- [fregrance] [o-auto-1-exec-1] o.s.w.s.m.m.a.HttpEntityMethodProcessor  : Writing [ErrorResponse[code=VALIDATION_ERROR, message=Request validation failed, timestamp=2026-03-31T16:30:4 (truncated)...]
2026-03-31T16:30:48.581+09:00 DEBUG 16424 --- [fregrance] [o-auto-1-exec-1] .m.m.a.ExceptionHandlerExceptionResolver : Resolved [org.springframework.web.bind.MethodArgumentNotValidException: Validation failed for argument [0] in public org.springframework.http.ResponseEntity<com.fregrance.app.dto.ReservationResponse> com.fregrance.app.controller.ReservationApiController.createReservation(com.fregrance.app.form.ReservationForm): [Field error in object 'reservationForm' on field 'staffMemo': rejected value [aaaaaaaaaaaaaaaaaaaaaaaaaaaaaaaaaaaaaaaaaaaaaaaaaaaaaaaaaaaaaaaaaaaaaaaaaaaaaaaaaaaaaaaaaaaaaaaaaaaaaaaaaaaaaaaaaaaaaaaaaaaaaaaaaaaaaaaaaaaaaaaaaaaaaaaaaaaaaaaaaaaaaaaaaaaaaaaaaaaaaaaaaaaaaaaaaaaaaaaaaaaaaaaaaaaaaaaaaaaaaaaaaaaaaaaaaaaaaaaaaaaaaaaaaaaaaaaaaaaaaaaaaaaaaaaaaaaaaaaaaaaaaaaaaaaaaaaaaaaaaaaaaaaaaaaaaaaaaaaaaaaaaaaaaaaaaaaaaaaaaaaaaaaaaaaaaaaaaaaaaaaaaaaaaaaaaaaaaaaaaaaaaaaaaaaaaaaaaaaaaaaaaaaaaaaaaaaaaaaaaaaaaaaaaaaaaaaaaaaaaaaaaaaaaaaaaaaaaaaaaaaaaaaaaaaaaaaaaaaaaaaaaaaaaaaaaaaaaaaaa]; codes [Size.reservationForm.staffMemo,Size.staffMemo,Size.java.lang.String,Size]; arguments [org.springframework.context.support.DefaultMessageSourceResolvable: codes [reservationForm.staffMemo,staffMemo]; arguments []; default message [staffMemo],500,0]; default message [staffMemo must be 500 characters or less]] ]
2026-03-31T16:30:48.581+09:00 DEBUG 16424 --- [fregrance] [o-auto-1-exec-1] o.s.web.servlet.DispatcherServlet        : Completed 400 BAD_REQUEST
2026-03-31T16:30:48.582+09:00 DEBUG 16424 --- [fregrance] [           main] o.s.web.client.RestTemplate              : Response 400 BAD_REQUEST
2026-03-31T16:30:48.582+09:00 DEBUG 16424 --- [fregrance] [           main] o.s.web.client.RestTemplate              : Reading to [java.lang.String] as "application/json"
2026-03-31T16:30:48.583+09:00 DEBUG 16424 --- [fregrance] [           main] o.s.jdbc.core.JdbcTemplate               : Executing prepared SQL update
2026-03-31T16:30:48.583+09:00 DEBUG 16424 --- [fregrance] [           main] o.s.jdbc.core.JdbcTemplate               : Executing prepared SQL statement [DELETE FROM reservations WHERE reservation_slot_id IN (SELECT id FROM reservation_slots WHERE slot_date IN (?, ?, ?))]
2026-03-31T16:30:48.584+09:00 DEBUG 16424 --- [fregrance] [           main] o.s.jdbc.core.JdbcTemplate               : Executing prepared SQL update
2026-03-31T16:30:48.584+09:00 DEBUG 16424 --- [fregrance] [           main] o.s.jdbc.core.JdbcTemplate               : Executing prepared SQL statement [DELETE FROM reservation_slots WHERE slot_date IN (?, ?, ?)]
2026-03-31T16:30:48.585+09:00 DEBUG 16424 --- [fregrance] [           main] o.s.jdbc.core.JdbcTemplate               : Executing prepared SQL update
2026-03-31T16:30:48.585+09:00 DEBUG 16424 --- [fregrance] [           main] o.s.jdbc.core.JdbcTemplate               : Executing prepared SQL statement [DELETE FROM questionnaire_results WHERE route_code = ?]
]]></system-out>
  </testcase>
  <testcase name="createReservationReturnsNotFoundWhenSlotDoesNotExist" classname="com.fregrance.app.ReservationApiTests" time="0.036">
    <system-out><![CDATA[2026-03-31T16:30:48.597+09:00 DEBUG 16424 --- [fregrance] [           main] o.s.web.client.RestTemplate              : HTTP POST http://localhost:65013/api/reservations
2026-03-31T16:30:48.597+09:00 DEBUG 16424 --- [fregrance] [           main] o.s.web.client.RestTemplate              : Accept=[text/plain, application/json, application/*+json, */*]
2026-03-31T16:30:48.597+09:00 DEBUG 16424 --- [fregrance] [           main] o.s.web.client.RestTemplate              : Writing [{visitType=初回ワークショップ, staffMemo=存在しない枠, guestCount=1名, slotLabel=12/28 10:30, slotId=2099-12-28_1030}] as "application/json"
2026-03-31T16:30:48.603+09:00 DEBUG 16424 --- [fregrance] [o-auto-1-exec-3] o.s.web.servlet.DispatcherServlet        : POST "/api/reservations", parameters={}
2026-03-31T16:30:48.605+09:00 DEBUG 16424 --- [fregrance] [o-auto-1-exec-3] s.w.s.m.m.a.RequestMappingHandlerMapping : Mapped to com.fregrance.app.controller.ReservationApiController#createReservation(ReservationForm)
2026-03-31T16:30:48.607+09:00 DEBUG 16424 --- [fregrance] [o-auto-1-exec-3] m.m.a.RequestResponseBodyMethodProcessor : Read "application/json;charset=UTF-8" to [com.fregrance.app.form.ReservationForm@3252560e]
2026-03-31T16:30:48.614+09:00 DEBUG 16424 --- [fregrance] [o-auto-1-exec-3] .m.m.a.ExceptionHandlerExceptionResolver : Using @ExceptionHandler com.fregrance.app.advice.ApiExceptionHandler#handleNotFound(ResourceNotFoundException)
2026-03-31T16:30:48.615+09:00 DEBUG 16424 --- [fregrance] [o-auto-1-exec-3] o.s.w.s.m.m.a.HttpEntityMethodProcessor  : Using 'application/json', given [text/plain, application/json, application/*+json, */*] and supported [application/json, application/*+json]
2026-03-31T16:30:48.615+09:00 DEBUG 16424 --- [fregrance] [o-auto-1-exec-3] o.s.w.s.m.m.a.HttpEntityMethodProcessor  : Writing [ErrorResponse[code=NOT_FOUND, message=Selected reservation slot was not found, timestamp=2026-03-31T (truncated)...]
2026-03-31T16:30:48.616+09:00 DEBUG 16424 --- [fregrance] [o-auto-1-exec-3] .m.m.a.ExceptionHandlerExceptionResolver : Resolved [com.fregrance.app.exception.ResourceNotFoundException: Selected reservation slot was not found]
2026-03-31T16:30:48.616+09:00 DEBUG 16424 --- [fregrance] [o-auto-1-exec-3] o.s.web.servlet.DispatcherServlet        : Completed 404 NOT_FOUND
2026-03-31T16:30:48.619+09:00 DEBUG 16424 --- [fregrance] [           main] o.s.web.client.RestTemplate              : Response 404 NOT_FOUND
2026-03-31T16:30:48.620+09:00 DEBUG 16424 --- [fregrance] [           main] o.s.web.client.RestTemplate              : Reading to [java.lang.String] as "application/json"
2026-03-31T16:30:48.621+09:00 DEBUG 16424 --- [fregrance] [           main] o.s.jdbc.core.JdbcTemplate               : Executing prepared SQL update
2026-03-31T16:30:48.621+09:00 DEBUG 16424 --- [fregrance] [           main] o.s.jdbc.core.JdbcTemplate               : Executing prepared SQL statement [DELETE FROM reservations WHERE reservation_slot_id IN (SELECT id FROM reservation_slots WHERE slot_date IN (?, ?, ?))]
2026-03-31T16:30:48.623+09:00 DEBUG 16424 --- [fregrance] [           main] o.s.jdbc.core.JdbcTemplate               : Executing prepared SQL update
2026-03-31T16:30:48.623+09:00 DEBUG 16424 --- [fregrance] [           main] o.s.jdbc.core.JdbcTemplate               : Executing prepared SQL statement [DELETE FROM reservation_slots WHERE slot_date IN (?, ?, ?)]
2026-03-31T16:30:48.624+09:00 DEBUG 16424 --- [fregrance] [           main] o.s.jdbc.core.JdbcTemplate               : Executing prepared SQL update
2026-03-31T16:30:48.624+09:00 DEBUG 16424 --- [fregrance] [           main] o.s.jdbc.core.JdbcTemplate               : Executing prepared SQL statement [DELETE FROM questionnaire_results WHERE route_code = ?]
]]></system-out>
  </testcase>
  <testcase name="getReservationReturnsPersistedReservationForCompletePageReload" classname="com.fregrance.app.ReservationApiTests" time="0.057">
    <system-out><![CDATA[2026-03-31T16:30:48.636+09:00 DEBUG 16424 --- [fregrance] [           main] o.s.jdbc.core.JdbcTemplate               : Executing prepared SQL update
2026-03-31T16:30:48.636+09:00 DEBUG 16424 --- [fregrance] [           main] o.s.jdbc.core.JdbcTemplate               : Executing prepared SQL statement [DELETE FROM reservation_slots WHERE slot_date = ?]
2026-03-31T16:30:48.638+09:00 DEBUG 16424 --- [fregrance] [           main] o.s.jdbc.core.JdbcTemplate               : Executing prepared SQL update
2026-03-31T16:30:48.639+09:00 DEBUG 16424 --- [fregrance] [           main] o.s.jdbc.core.JdbcTemplate               : Executing prepared SQL statement [INSERT INTO reservation_slots (slot_date, slot_time, status, instructor_name, created_at, updated_at) VALUES (?, '10:30:00', 'open', ?, CURRENT_TIMESTAMP, CURRENT_TIMESTAMP)]
2026-03-31T16:30:48.649+09:00 DEBUG 16424 --- [fregrance] [           main] o.s.web.client.RestTemplate              : HTTP POST http://localhost:65013/api/reservations
2026-03-31T16:30:48.650+09:00 DEBUG 16424 --- [fregrance] [           main] o.s.web.client.RestTemplate              : Accept=[text/plain, application/json, application/*+json, */*]
2026-03-31T16:30:48.650+09:00 DEBUG 16424 --- [fregrance] [           main] o.s.web.client.RestTemplate              : Writing [{slotId=2099-12-30_1030, slotLabel=12/30 10:30, visitType=初回ワークショップ, guestCount=1名, staffMemo=テスト予約}] as "application/json"
2026-03-31T16:30:48.652+09:00 DEBUG 16424 --- [fregrance] [o-auto-1-exec-4] o.s.web.servlet.DispatcherServlet        : POST "/api/reservations", parameters={}
2026-03-31T16:30:48.653+09:00 DEBUG 16424 --- [fregrance] [o-auto-1-exec-4] s.w.s.m.m.a.RequestMappingHandlerMapping : Mapped to com.fregrance.app.controller.ReservationApiController#createReservation(ReservationForm)
2026-03-31T16:30:48.653+09:00 DEBUG 16424 --- [fregrance] [o-auto-1-exec-4] m.m.a.RequestResponseBodyMethodProcessor : Read "application/json;charset=UTF-8" to [com.fregrance.app.form.ReservationForm@1e655c9]
2026-03-31T16:30:48.666+09:00 DEBUG 16424 --- [fregrance] [o-auto-1-exec-4] o.s.w.s.m.m.a.HttpEntityMethodProcessor  : Using 'application/json', given [text/plain, application/json, application/*+json, */*] and supported [application/json, application/*+json]
2026-03-31T16:30:48.667+09:00 DEBUG 16424 --- [fregrance] [o-auto-1-exec-4] o.s.w.s.m.m.a.HttpEntityMethodProcessor  : Writing [ReservationResponse[reservationCode=95AFCE0F, slotId=2099-12-30_1030, slotLabel=12/30 10:30, visitTy (truncated)...]
2026-03-31T16:30:48.668+09:00 DEBUG 16424 --- [fregrance] [o-auto-1-exec-4] o.s.web.servlet.DispatcherServlet        : Completed 201 CREATED
2026-03-31T16:30:48.669+09:00 DEBUG 16424 --- [fregrance] [           main] o.s.web.client.RestTemplate              : Response 201 CREATED
2026-03-31T16:30:48.669+09:00 DEBUG 16424 --- [fregrance] [           main] o.s.web.client.RestTemplate              : Reading to [java.lang.String] as "application/json"
2026-03-31T16:30:48.670+09:00 DEBUG 16424 --- [fregrance] [           main] o.s.web.client.RestTemplate              : HTTP GET http://localhost:65013/api/reservations/95AFCE0F
2026-03-31T16:30:48.671+09:00 DEBUG 16424 --- [fregrance] [           main] o.s.web.client.RestTemplate              : Accept=[text/plain, application/json, application/*+json, */*]
2026-03-31T16:30:48.673+09:00 DEBUG 16424 --- [fregrance] [o-auto-1-exec-2] o.s.web.servlet.DispatcherServlet        : GET "/api/reservations/95AFCE0F", parameters={}
2026-03-31T16:30:48.673+09:00 DEBUG 16424 --- [fregrance] [o-auto-1-exec-2] s.w.s.m.m.a.RequestMappingHandlerMapping : Mapped to com.fregrance.app.controller.ReservationApiController#getReservation(String)
2026-03-31T16:30:48.674+09:00 DEBUG 16424 --- [fregrance] [o-auto-1-exec-2] o.s.w.s.m.m.a.HttpEntityMethodProcessor  : Using 'application/json', given [text/plain, application/json, application/*+json, */*] and supported [application/json, application/*+json]
2026-03-31T16:30:48.675+09:00 DEBUG 16424 --- [fregrance] [o-auto-1-exec-2] o.s.w.s.m.m.a.HttpEntityMethodProcessor  : Writing [ReservationResponse[reservationCode=95AFCE0F, slotId=2099-12-30_1030, slotLabel=12/30 10:30, visitTy (truncated)...]
2026-03-31T16:30:48.675+09:00 DEBUG 16424 --- [fregrance] [o-auto-1-exec-2] o.s.web.servlet.DispatcherServlet        : Completed 200 OK
2026-03-31T16:30:48.676+09:00 DEBUG 16424 --- [fregrance] [           main] o.s.web.client.RestTemplate              : Response 200 OK
2026-03-31T16:30:48.676+09:00 DEBUG 16424 --- [fregrance] [           main] o.s.web.client.RestTemplate              : Reading to [java.lang.String] as "application/json"
2026-03-31T16:30:48.677+09:00 DEBUG 16424 --- [fregrance] [           main] o.s.jdbc.core.JdbcTemplate               : Executing prepared SQL update
2026-03-31T16:30:48.677+09:00 DEBUG 16424 --- [fregrance] [           main] o.s.jdbc.core.JdbcTemplate               : Executing prepared SQL statement [DELETE FROM reservations WHERE reservation_slot_id IN (SELECT id FROM reservation_slots WHERE slot_date IN (?, ?, ?))]
2026-03-31T16:30:48.681+09:00 DEBUG 16424 --- [fregrance] [           main] o.s.jdbc.core.JdbcTemplate               : Executing prepared SQL update
2026-03-31T16:30:48.681+09:00 DEBUG 16424 --- [fregrance] [           main] o.s.jdbc.core.JdbcTemplate               : Executing prepared SQL statement [DELETE FROM reservation_slots WHERE slot_date IN (?, ?, ?)]
2026-03-31T16:30:48.684+09:00 DEBUG 16424 --- [fregrance] [           main] o.s.jdbc.core.JdbcTemplate               : Executing prepared SQL update
2026-03-31T16:30:48.684+09:00 DEBUG 16424 --- [fregrance] [           main] o.s.jdbc.core.JdbcTemplate               : Executing prepared SQL statement [DELETE FROM questionnaire_results WHERE route_code = ?]
]]></system-out>
  </testcase>
  <testcase name="createReservationPersistsQuestionnaireResultCodeWhenProvided" classname="com.fregrance.app.ReservationApiTests" time="0.056">
    <system-out><![CDATA[2026-03-31T16:30:48.692+09:00 DEBUG 16424 --- [fregrance] [           main] o.s.jdbc.core.JdbcTemplate               : Executing prepared SQL update
2026-03-31T16:30:48.693+09:00 DEBUG 16424 --- [fregrance] [           main] o.s.jdbc.core.JdbcTemplate               : Executing prepared SQL statement [DELETE FROM reservation_slots WHERE slot_date = ?]
2026-03-31T16:30:48.694+09:00 DEBUG 16424 --- [fregrance] [           main] o.s.jdbc.core.JdbcTemplate               : Executing prepared SQL update
2026-03-31T16:30:48.695+09:00 DEBUG 16424 --- [fregrance] [           main] o.s.jdbc.core.JdbcTemplate               : Executing prepared SQL statement [INSERT INTO reservation_slots (slot_date, slot_time, status, instructor_name, created_at, updated_at) VALUES (?, '10:30:00', 'open', ?, CURRENT_TIMESTAMP, CURRENT_TIMESTAMP)]
2026-03-31T16:30:48.699+09:00 DEBUG 16424 --- [fregrance] [           main] o.s.jdbc.core.JdbcTemplate               : Executing prepared SQL update
2026-03-31T16:30:48.699+09:00 DEBUG 16424 --- [fregrance] [           main] o.s.jdbc.core.JdbcTemplate               : Executing prepared SQL statement [INSERT INTO questionnaire_results (result_code, route_code, step1_answers_json, step2_answers_json, graph_axes_json, created_at, updated_at) VALUES (?, ?, ?, ?, ?, CURRENT_TIMESTAMP, CURRENT_TIMESTAMP)]
2026-03-31T16:30:48.702+09:00 DEBUG 16424 --- [fregrance] [           main] o.s.web.client.RestTemplate              : HTTP POST http://localhost:65013/api/reservations
2026-03-31T16:30:48.702+09:00 DEBUG 16424 --- [fregrance] [           main] o.s.web.client.RestTemplate              : Accept=[text/plain, application/json, application/*+json, */*]
2026-03-31T16:30:48.703+09:00 DEBUG 16424 --- [fregrance] [           main] o.s.web.client.RestTemplate              : Writing [{slotId=2099-12-30_1030, slotLabel=12/30 10:30, visitType=初回ワークショップ, guestCount=1名, staffMemo=テスト予約, questionnaireResultCode=QR-LINKED1}] as "application/json"
2026-03-31T16:30:48.705+09:00 DEBUG 16424 --- [fregrance] [o-auto-1-exec-5] o.s.web.servlet.DispatcherServlet        : POST "/api/reservations", parameters={}
2026-03-31T16:30:48.705+09:00 DEBUG 16424 --- [fregrance] [o-auto-1-exec-5] s.w.s.m.m.a.RequestMappingHandlerMapping : Mapped to com.fregrance.app.controller.ReservationApiController#createReservation(ReservationForm)
2026-03-31T16:30:48.706+09:00 DEBUG 16424 --- [fregrance] [o-auto-1-exec-5] m.m.a.RequestResponseBodyMethodProcessor : Read "application/json;charset=UTF-8" to [com.fregrance.app.form.ReservationForm@3a4ded55]
2026-03-31T16:30:48.720+09:00 DEBUG 16424 --- [fregrance] [o-auto-1-exec-5] o.s.w.s.m.m.a.HttpEntityMethodProcessor  : Using 'application/json', given [text/plain, application/json, application/*+json, */*] and supported [application/json, application/*+json]
2026-03-31T16:30:48.721+09:00 DEBUG 16424 --- [fregrance] [o-auto-1-exec-5] o.s.w.s.m.m.a.HttpEntityMethodProcessor  : Writing [ReservationResponse[reservationCode=3EDCFA08, slotId=2099-12-30_1030, slotLabel=12/30 10:30, visitTy (truncated)...]
2026-03-31T16:30:48.722+09:00 DEBUG 16424 --- [fregrance] [o-auto-1-exec-5] o.s.web.servlet.DispatcherServlet        : Completed 201 CREATED
2026-03-31T16:30:48.725+09:00 DEBUG 16424 --- [fregrance] [           main] o.s.web.client.RestTemplate              : Response 201 CREATED
2026-03-31T16:30:48.726+09:00 DEBUG 16424 --- [fregrance] [           main] o.s.web.client.RestTemplate              : Reading to [java.lang.String] as "application/json"
2026-03-31T16:30:48.727+09:00 DEBUG 16424 --- [fregrance] [           main] o.s.jdbc.core.JdbcTemplate               : Executing prepared SQL query
2026-03-31T16:30:48.727+09:00 DEBUG 16424 --- [fregrance] [           main] o.s.jdbc.core.JdbcTemplate               : Executing prepared SQL statement [SELECT questionnaire_result_code FROM reservations WHERE reservation_code = ?]
2026-03-31T16:30:48.729+09:00 DEBUG 16424 --- [fregrance] [           main] o.s.jdbc.core.JdbcTemplate               : Executing prepared SQL update
2026-03-31T16:30:48.730+09:00 DEBUG 16424 --- [fregrance] [           main] o.s.jdbc.core.JdbcTemplate               : Executing prepared SQL statement [DELETE FROM reservations WHERE reservation_slot_id IN (SELECT id FROM reservation_slots WHERE slot_date IN (?, ?, ?))]
2026-03-31T16:30:48.733+09:00 DEBUG 16424 --- [fregrance] [           main] o.s.jdbc.core.JdbcTemplate               : Executing prepared SQL update
2026-03-31T16:30:48.734+09:00 DEBUG 16424 --- [fregrance] [           main] o.s.jdbc.core.JdbcTemplate               : Executing prepared SQL statement [DELETE FROM reservation_slots WHERE slot_date IN (?, ?, ?)]
2026-03-31T16:30:48.739+09:00 DEBUG 16424 --- [fregrance] [           main] o.s.jdbc.core.JdbcTemplate               : Executing prepared SQL update
2026-03-31T16:30:48.739+09:00 DEBUG 16424 --- [fregrance] [           main] o.s.jdbc.core.JdbcTemplate               : Executing prepared SQL statement [DELETE FROM questionnaire_results WHERE route_code = ?]
]]></system-out>
  </testcase>
  <testcase name="reservationSlotsEndpointReturnsDatabaseDataWhenSlotsExist" classname="com.fregrance.app.ReservationApiTests" time="0.045">
    <system-out><![CDATA[2026-03-31T16:30:48.749+09:00 DEBUG 16424 --- [fregrance] [           main] o.s.jdbc.core.JdbcTemplate               : Executing prepared SQL update
2026-03-31T16:30:48.750+09:00 DEBUG 16424 --- [fregrance] [           main] o.s.jdbc.core.JdbcTemplate               : Executing prepared SQL statement [DELETE FROM reservation_slots WHERE slot_date = ?]
2026-03-31T16:30:48.751+09:00 DEBUG 16424 --- [fregrance] [           main] o.s.jdbc.core.JdbcTemplate               : Executing prepared SQL update
2026-03-31T16:30:48.751+09:00 DEBUG 16424 --- [fregrance] [           main] o.s.jdbc.core.JdbcTemplate               : Executing prepared SQL statement [INSERT INTO reservation_slots (slot_date, slot_time, status, instructor_name, created_at, updated_at) VALUES (?, '18:00:00', 'open', 'DbVerifier', CURRENT_TIMESTAMP, CURRENT_TIMESTAMP)]
2026-03-31T16:30:48.756+09:00 DEBUG 16424 --- [fregrance] [           main] o.s.web.client.RestTemplate              : HTTP GET http://localhost:65013/api/reservation-slots?date=2099-12-31
2026-03-31T16:30:48.756+09:00 DEBUG 16424 --- [fregrance] [           main] o.s.web.client.RestTemplate              : Accept=[text/plain, application/json, application/*+json, */*]
2026-03-31T16:30:48.760+09:00 DEBUG 16424 --- [fregrance] [o-auto-1-exec-7] o.s.web.servlet.DispatcherServlet        : GET "/api/reservation-slots?date=2099-12-31", parameters={masked}
2026-03-31T16:30:48.760+09:00 DEBUG 16424 --- [fregrance] [o-auto-1-exec-7] s.w.s.m.m.a.RequestMappingHandlerMapping : Mapped to com.fregrance.app.controller.ReservationApiController#getAvailableSlots(LocalDate)
2026-03-31T16:30:48.767+09:00 DEBUG 16424 --- [fregrance] [o-auto-1-exec-7] m.m.a.RequestResponseBodyMethodProcessor : Using 'application/json', given [text/plain, application/json, application/*+json, */*] and supported [application/json, application/*+json]
2026-03-31T16:30:48.773+09:00 DEBUG 16424 --- [fregrance] [o-auto-1-exec-7] m.m.a.RequestResponseBodyMethodProcessor : Writing [[ReservationSlotResponse[slotId=2099-12-31_1800, date=2099-12-31, time=18:00, label=12/31 18:00, sta (truncated)...]
2026-03-31T16:30:48.777+09:00 DEBUG 16424 --- [fregrance] [o-auto-1-exec-7] o.s.web.servlet.DispatcherServlet        : Completed 200 OK
2026-03-31T16:30:48.778+09:00 DEBUG 16424 --- [fregrance] [           main] o.s.web.client.RestTemplate              : Response 200 OK
2026-03-31T16:30:48.778+09:00 DEBUG 16424 --- [fregrance] [           main] o.s.web.client.RestTemplate              : Reading to [java.lang.String] as "application/json"
2026-03-31T16:30:48.780+09:00 DEBUG 16424 --- [fregrance] [           main] o.s.jdbc.core.JdbcTemplate               : Executing prepared SQL update
2026-03-31T16:30:48.780+09:00 DEBUG 16424 --- [fregrance] [           main] o.s.jdbc.core.JdbcTemplate               : Executing prepared SQL statement [DELETE FROM reservations WHERE reservation_slot_id IN (SELECT id FROM reservation_slots WHERE slot_date IN (?, ?, ?))]
2026-03-31T16:30:48.782+09:00 DEBUG 16424 --- [fregrance] [           main] o.s.jdbc.core.JdbcTemplate               : Executing prepared SQL update
2026-03-31T16:30:48.782+09:00 DEBUG 16424 --- [fregrance] [           main] o.s.jdbc.core.JdbcTemplate               : Executing prepared SQL statement [DELETE FROM reservation_slots WHERE slot_date IN (?, ?, ?)]
2026-03-31T16:30:48.784+09:00 DEBUG 16424 --- [fregrance] [           main] o.s.jdbc.core.JdbcTemplate               : Executing prepared SQL update
2026-03-31T16:30:48.785+09:00 DEBUG 16424 --- [fregrance] [           main] o.s.jdbc.core.JdbcTemplate               : Executing prepared SQL statement [DELETE FROM questionnaire_results WHERE route_code = ?]
]]></system-out>
  </testcase>
  <testcase name="createReservationPersistsToDatabaseWhenSlotExists" classname="com.fregrance.app.ReservationApiTests" time="0.061">
    <system-out><![CDATA[2026-03-31T16:30:48.800+09:00 DEBUG 16424 --- [fregrance] [           main] o.s.jdbc.core.JdbcTemplate               : Executing prepared SQL update
2026-03-31T16:30:48.800+09:00 DEBUG 16424 --- [fregrance] [           main] o.s.jdbc.core.JdbcTemplate               : Executing prepared SQL statement [DELETE FROM reservation_slots WHERE slot_date = ?]
2026-03-31T16:30:48.801+09:00 DEBUG 16424 --- [fregrance] [           main] o.s.jdbc.core.JdbcTemplate               : Executing prepared SQL update
2026-03-31T16:30:48.802+09:00 DEBUG 16424 --- [fregrance] [           main] o.s.jdbc.core.JdbcTemplate               : Executing prepared SQL statement [INSERT INTO reservation_slots (slot_date, slot_time, status, instructor_name, created_at, updated_at) VALUES (?, '10:30:00', 'open', ?, CURRENT_TIMESTAMP, CURRENT_TIMESTAMP)]
2026-03-31T16:30:48.810+09:00 DEBUG 16424 --- [fregrance] [           main] o.s.web.client.RestTemplate              : HTTP POST http://localhost:65013/api/reservations
2026-03-31T16:30:48.811+09:00 DEBUG 16424 --- [fregrance] [           main] o.s.web.client.RestTemplate              : Accept=[text/plain, application/json, application/*+json, */*]
2026-03-31T16:30:48.811+09:00 DEBUG 16424 --- [fregrance] [           main] o.s.web.client.RestTemplate              : Writing [{slotId=2099-12-30_1030, slotLabel=12/30 10:30, visitType=初回ワークショップ, guestCount=1名, staffMemo=テスト予約}] as "application/json"
2026-03-31T16:30:48.813+09:00 DEBUG 16424 --- [fregrance] [o-auto-1-exec-8] o.s.web.servlet.DispatcherServlet        : POST "/api/reservations", parameters={}
2026-03-31T16:30:48.814+09:00 DEBUG 16424 --- [fregrance] [o-auto-1-exec-8] s.w.s.m.m.a.RequestMappingHandlerMapping : Mapped to com.fregrance.app.controller.ReservationApiController#createReservation(ReservationForm)
2026-03-31T16:30:48.815+09:00 DEBUG 16424 --- [fregrance] [o-auto-1-exec-8] m.m.a.RequestResponseBodyMethodProcessor : Read "application/json;charset=UTF-8" to [com.fregrance.app.form.ReservationForm@7ac785cd]
2026-03-31T16:30:48.838+09:00 DEBUG 16424 --- [fregrance] [o-auto-1-exec-8] o.s.w.s.m.m.a.HttpEntityMethodProcessor  : Using 'application/json', given [text/plain, application/json, application/*+json, */*] and supported [application/json, application/*+json]
2026-03-31T16:30:48.838+09:00 DEBUG 16424 --- [fregrance] [o-auto-1-exec-8] o.s.w.s.m.m.a.HttpEntityMethodProcessor  : Writing [ReservationResponse[reservationCode=C9F648B0, slotId=2099-12-30_1030, slotLabel=12/30 10:30, visitTy (truncated)...]
2026-03-31T16:30:48.840+09:00 DEBUG 16424 --- [fregrance] [o-auto-1-exec-8] o.s.web.servlet.DispatcherServlet        : Completed 201 CREATED
2026-03-31T16:30:48.840+09:00 DEBUG 16424 --- [fregrance] [           main] o.s.web.client.RestTemplate              : Response 201 CREATED
2026-03-31T16:30:48.841+09:00 DEBUG 16424 --- [fregrance] [           main] o.s.web.client.RestTemplate              : Reading to [java.lang.String] as "application/json"
2026-03-31T16:30:48.841+09:00 DEBUG 16424 --- [fregrance] [           main] o.s.jdbc.core.JdbcTemplate               : Executing prepared SQL query
2026-03-31T16:30:48.841+09:00 DEBUG 16424 --- [fregrance] [           main] o.s.jdbc.core.JdbcTemplate               : Executing prepared SQL statement [SELECT COUNT(*) FROM reservations WHERE reservation_code = ?]
2026-03-31T16:30:48.843+09:00 DEBUG 16424 --- [fregrance] [           main] o.s.jdbc.core.JdbcTemplate               : Executing prepared SQL update
2026-03-31T16:30:48.843+09:00 DEBUG 16424 --- [fregrance] [           main] o.s.jdbc.core.JdbcTemplate               : Executing prepared SQL statement [DELETE FROM reservations WHERE reservation_slot_id IN (SELECT id FROM reservation_slots WHERE slot_date IN (?, ?, ?))]
2026-03-31T16:30:48.846+09:00 DEBUG 16424 --- [fregrance] [           main] o.s.jdbc.core.JdbcTemplate               : Executing prepared SQL update
2026-03-31T16:30:48.846+09:00 DEBUG 16424 --- [fregrance] [           main] o.s.jdbc.core.JdbcTemplate               : Executing prepared SQL statement [DELETE FROM reservation_slots WHERE slot_date IN (?, ?, ?)]
2026-03-31T16:30:48.849+09:00 DEBUG 16424 --- [fregrance] [           main] o.s.jdbc.core.JdbcTemplate               : Executing prepared SQL update
2026-03-31T16:30:48.849+09:00 DEBUG 16424 --- [fregrance] [           main] o.s.jdbc.core.JdbcTemplate               : Executing prepared SQL statement [DELETE FROM questionnaire_results WHERE route_code = ?]
]]></system-out>
  </testcase>
</testsuite>