<?xml version="1.0" encoding="UTF-8"?>
<testsuite xmlns:xsi="http://www.w3.org/2001/XMLSchema-instance" xsi:noNamespaceSchemaLocation="https://maven.apache.org/surefire/maven-surefire-plugin/xsd/surefire-test-report.xsd" version="3.0.2" name="com.fregrance.app.ReservationApiTests" time="0.577" tests="9" errors="0" skipped="0" failures="0">
  <properties>
[...]
</properties>
  <testcase name="createReservationReturnsBadRequestWhenRequiredFieldsAreMissing" classname="com.fregrance.app.ReservationApiTests" time="0.064">
    <system-out><![CDATA[2026-04-03T11:05:53.557+09:00 DEBUG 3824 --- [fregrance] [           main] .b.t.c.SpringBootTestContextBootstrapper : Neither @ContextConfiguration nor @ContextHierarchy found for test class [ReservationApiTests]: using SpringBootContextLoader
2026-04-03T11:05:53.559+09:00  INFO 3824 --- [fregrance] [           main] t.c.s.AnnotationConfigContextLoaderUtils : Could not detect default configuration classes for test class [com.fregrance.app.ReservationApiTests]: ReservationApiTests does not declare any static, non-private, non-final, nested classes annotated with @Configuration.
2026-04-03T11:05:53.561+09:00 DEBUG 3824 --- [fregrance] [           main] .b.t.c.SpringBootTestContextBootstrapper : Using ContextCustomizerFactory implementations for test class [ReservationApiTests]: [ImportsContextCustomizerFactory, ExcludeFilterContextCustomizerFactory, HttpGraphQlTesterContextCustomizerFactory, DuplicateJsonObjectContextCustomizerFactory, MockitoContextCustomizerFactory, TestRestTemplateContextCustomizerFactory, WebTestClientContextCustomizerFactory, DisableReactorResourceFactoryGlobalResourcesContextCustomizerFactory, OnFailureConditionReportContextCustomizerFactory, OverrideAutoConfigurationContextCustomizerFactory, ObservabilityContextCustomizerFactory, TypeExcludeFiltersContextCustomizerFactory, PropertyMappingContextCustomizerFactory, WebDriverContextCustomizerFactory, BeanOverrideContextCustomizerFactory, MockServerContainerContextCustomizerFactory, DynamicPropertiesContextCustomizerFactory]
2026-04-03T11:05:53.567+09:00 DEBUG 3824 --- [fregrance] [           main] .b.t.c.SpringBootTestContextBootstrapper : Using ContextCustomizers for test class [ReservationApiTests]: [ExcludeFilterContextCustomizer, DuplicateJsonObjectContextCustomizer, MockitoContextCustomizer, TestRestTemplateContextCustomizer, DisableReactorResourceFactoryGlobalResourcesContextCustomizerCustomizer, OnFailureConditionReportContextCustomizer, DisableObservabilityContextCustomizer, PropertyMappingContextCustomizer, WebDriverContextCustomizer, DynamicPropertiesContextCustomizer]
2026-04-03T11:05:53.569+09:00  INFO 3824 --- [fregrance] [           main] .b.t.c.SpringBootTestContextBootstrapper : Found @SpringBootConfiguration com.fregrance.app.FregranceApplication for test class com.fregrance.app.ReservationApiTests
2026-04-03T11:05:53.574+09:00 DEBUG 3824 --- [fregrance] [           main] .b.t.c.SpringBootTestContextBootstrapper : Using TestExecutionListeners for test class [ReservationApiTests]: [ServletTestExecutionListener, DirtiesContextBeforeModesTestExecutionListener, ApplicationEventsTestExecutionListener, MockitoTestExecutionListener, BeanOverrideTestExecutionListener, DependencyInjectionTestExecutionListener, DirtiesContextTestExecutionListener, CommonCachesTestExecutionListener, TransactionalTestExecutionListener, SqlScriptsTestExecutionListener, EventPublishingTestExecutionListener, WithSecurityContextTestExecutionListener, ReactorContextTestExecutionListener, ResetMocksTestExecutionListener, RestDocsTestExecutionListener, MockRestServiceServerResetTestExecutionListener, MockMvcPrintOnlyOnFailureTestExecutionListener, WebDriverTestExecutionListener, MockWebServiceServerTestExecutionListener, MockitoResetTestExecutionListener]
2026-04-03T11:05:53.587+09:00 DEBUG 3824 --- [fregrance] [           main] o.s.web.client.RestTemplate              : HTTP POST http://localhost:49903/api/reservations
2026-04-03T11:05:53.587+09:00 DEBUG 3824 --- [fregrance] [           main] o.s.web.client.RestTemplate              : Accept=[text/plain, application/json, application/*+json, */*]
2026-04-03T11:05:53.589+09:00 DEBUG 3824 --- [fregrance] [           main] o.s.web.client.RestTemplate              : Writing [{slotId=, guestCount=, slotLabel=, visitType=初回ワークショップ}] as "application/json"
2026-04-03T11:05:53.594+09:00 DEBUG 3824 --- [fregrance] [o-auto-1-exec-7] o.s.web.servlet.DispatcherServlet        : POST "/api/reservations", parameters={}
2026-04-03T11:05:53.594+09:00 DEBUG 3824 --- [fregrance] [o-auto-1-exec-7] s.w.s.m.m.a.RequestMappingHandlerMapping : Mapped to com.fregrance.app.controller.ReservationApiController#createReservation(ReservationForm)
2026-04-03T11:05:53.600+09:00 DEBUG 3824 --- [fregrance] [o-auto-1-exec-7] m.m.a.RequestResponseBodyMethodProcessor : Read "application/json;charset=UTF-8" to [com.fregrance.app.form.ReservationForm@30709184]
2026-04-03T11:05:53.619+09:00 DEBUG 3824 --- [fregrance] [o-auto-1-exec-7] .m.m.a.ExceptionHandlerExceptionResolver : Using @ExceptionHandler com.fregrance.app.advice.ApiExceptionHandler#handleValidation(MethodArgumentNotValidException)
2026-04-03T11:05:53.621+09:00 DEBUG 3824 --- [fregrance] [o-auto-1-exec-7] o.s.w.s.m.m.a.HttpEntityMethodProcessor  : Using 'application/json', given [text/plain, application/json, application/*+json, */*] and supported [application/json, application/*+json]
2026-04-03T11:05:53.622+09:00 DEBUG 3824 --- [fregrance] [o-auto-1-exec-7] o.s.w.s.m.m.a.HttpEntityMethodProcessor  : Writing [ErrorResponse[code=VALIDATION_ERROR, message=Request validation failed, timestamp=2026-04-03T11:05:5 (truncated)...]
2026-04-03T11:05:53.626+09:00 DEBUG 3824 --- [fregrance] [o-auto-1-exec-7] .m.m.a.ExceptionHandlerExceptionResolver : Resolved [org.springframework.web.bind.MethodArgumentNotValidException: Validation failed for argument [0] in public org.springframework.http.ResponseEntity<com.fregrance.app.dto.ReservationResponse> com.fregrance.app.controller.ReservationApiController.createReservation(com.fregrance.app.form.ReservationForm) with 3 errors: [Field error in object 'reservationForm' on field 'slotId': rejected value []; codes [NotBlank.reservationForm.slotId,NotBlank.slotId,NotBlank.java.lang.String,NotBlank]; arguments [org.springframework.context.support.DefaultMessageSourceResolvable: codes [reservationForm.slotId,slotId]; arguments []; default message [slotId]]; default message [slotId is required]] [Field error in object 'reservationForm' on field 'guestCount': rejected value []; codes [NotBlank.reservationForm.guestCount,NotBlank.guestCount,NotBlank.java.lang.String,NotBlank]; arguments [org.springframework.context.support.DefaultMessageSourceResolvable: codes [reservationForm.guestCount,guestCount]; arguments []; default message [guestCount]]; default message [guestCount is required]] [Field error in object 'reservationForm' on field 'slotLabel': rejected value []; codes [NotBlank.reservationForm.slotLabel,NotBlank.slotLabel,NotBlank.java.lang.String,NotBlank]; arguments [org.springframework.context.support.DefaultMessageSourceResolvable: codes [reservationForm.slotLabel,slotLabel]; arguments []; default message [slotLabel]]; default message [slotLabel is required]] ]
2026-04-03T11:05:53.628+09:00 DEBUG 3824 --- [fregrance] [o-auto-1-exec-7] o.s.web.servlet.DispatcherServlet        : Completed 400 BAD_REQUEST
2026-04-03T11:05:53.628+09:00 DEBUG 3824 --- [fregrance] [           main] o.s.web.client.RestTemplate              : Response 400 BAD_REQUEST
2026-04-03T11:05:53.629+09:00 DEBUG 3824 --- [fregrance] [           main] o.s.web.client.RestTemplate              : Reading to [java.lang.String] as "application/json"
2026-04-03T11:05:53.631+09:00 DEBUG 3824 --- [fregrance] [           main] o.s.jdbc.core.JdbcTemplate               : Executing prepared SQL update
2026-04-03T11:05:53.631+09:00 DEBUG 3824 --- [fregrance] [           main] o.s.jdbc.core.JdbcTemplate               : Executing prepared SQL statement [DELETE FROM reservations WHERE reservation_slot_id IN (SELECT id FROM reservation_slots WHERE slot_date IN (?, ?, ?))]
2026-04-03T11:05:53.637+09:00 DEBUG 3824 --- [fregrance] [           main] o.s.jdbc.core.JdbcTemplate               : Executing prepared SQL update
2026-04-03T11:05:53.637+09:00 DEBUG 3824 --- [fregrance] [           main] o.s.jdbc.core.JdbcTemplate               : Executing prepared SQL statement [DELETE FROM reservation_slots WHERE slot_date IN (?, ?, ?)]
2026-04-03T11:05:53.639+09:00 DEBUG 3824 --- [fregrance] [           main] o.s.jdbc.core.JdbcTemplate               : Executing prepared SQL update
2026-04-03T11:05:53.639+09:00 DEBUG 3824 --- [fregrance] [           main] o.s.jdbc.core.JdbcTemplate               : Executing prepared SQL statement [DELETE FROM questionnaire_results WHERE route_code = ?]
]]></system-out>
  </testcase>
  <testcase name="reservationSlotsEndpointReturnsEmptyArrayWhenNoSlotsExist" classname="com.fregrance.app.ReservationApiTests" time="0.096">
    <system-out><![CDATA[2026-04-03T11:05:53.653+09:00 DEBUG 3824 --- [fregrance] [           main] o.s.jdbc.core.JdbcTemplate               : Executing prepared SQL update
2026-04-03T11:05:53.653+09:00 DEBUG 3824 --- [fregrance] [           main] o.s.jdbc.core.JdbcTemplate               : Executing prepared SQL statement [DELETE FROM reservation_slots WHERE slot_date = ?]
2026-04-03T11:05:53.656+09:00 DEBUG 3824 --- [fregrance] [           main] o.s.web.client.RestTemplate              : HTTP GET http://localhost:49903/api/reservation-slots?date=2099-12-29
2026-04-03T11:05:53.657+09:00 DEBUG 3824 --- [fregrance] [           main] o.s.web.client.RestTemplate              : Accept=[text/plain, application/json, application/*+json, */*]
2026-04-03T11:05:53.667+09:00 DEBUG 3824 --- [fregrance] [o-auto-1-exec-8] o.s.web.servlet.DispatcherServlet        : GET "/api/reservation-slots?date=2099-12-29", parameters={masked}
2026-04-03T11:05:53.667+09:00 DEBUG 3824 --- [fregrance] [o-auto-1-exec-8] s.w.s.m.m.a.RequestMappingHandlerMapping : Mapped to com.fregrance.app.controller.ReservationApiController#getAvailableSlots(LocalDate)
2026-04-03T11:05:53.731+09:00 DEBUG 3824 --- [fregrance] [o-auto-1-exec-8] m.m.a.RequestResponseBodyMethodProcessor : Using 'application/json', given [text/plain, application/json, application/*+json, */*] and supported [application/json, application/*+json]
2026-04-03T11:05:53.731+09:00 DEBUG 3824 --- [fregrance] [o-auto-1-exec-8] m.m.a.RequestResponseBodyMethodProcessor : Writing [[]]
2026-04-03T11:05:53.735+09:00 DEBUG 3824 --- [fregrance] [o-auto-1-exec-8] o.s.web.servlet.DispatcherServlet        : Completed 200 OK
2026-04-03T11:05:53.736+09:00 DEBUG 3824 --- [fregrance] [           main] o.s.web.client.RestTemplate              : Response 200 OK
2026-04-03T11:05:53.736+09:00 DEBUG 3824 --- [fregrance] [           main] o.s.web.client.RestTemplate              : Reading to [java.lang.String] as "application/json"
2026-04-03T11:05:53.737+09:00 DEBUG 3824 --- [fregrance] [           main] o.s.jdbc.core.JdbcTemplate               : Executing prepared SQL update
2026-04-03T11:05:53.737+09:00 DEBUG 3824 --- [fregrance] [           main] o.s.jdbc.core.JdbcTemplate               : Executing prepared SQL statement [DELETE FROM reservations WHERE reservation_slot_id IN (SELECT id FROM reservation_slots WHERE slot_date IN (?, ?, ?))]
2026-04-03T11:05:53.739+09:00 DEBUG 3824 --- [fregrance] [           main] o.s.jdbc.core.JdbcTemplate               : Executing prepared SQL update
2026-04-03T11:05:53.739+09:00 DEBUG 3824 --- [fregrance] [           main] o.s.jdbc.core.JdbcTemplate               : Executing prepared SQL statement [DELETE FROM reservation_slots WHERE slot_date IN (?, ?, ?)]
2026-04-03T11:05:53.740+09:00 DEBUG 3824 --- [fregrance] [           main] o.s.jdbc.core.JdbcTemplate               : Executing prepared SQL update
2026-04-03T11:05:53.740+09:00 DEBUG 3824 --- [fregrance] [           main] o.s.jdbc.core.JdbcTemplate               : Executing prepared SQL statement [DELETE FROM questionnaire_results WHERE route_code = ?]
]]></system-out>
  </testcase>
  <testcase name="createReservationReturnsConflictWhenSameSlotIsReservedTwice" classname="com.fregrance.app.ReservationApiTests" time="0.105">
    <system-out><![CDATA[2026-04-03T11:05:53.750+09:00 DEBUG 3824 --- [fregrance] [           main] o.s.jdbc.core.JdbcTemplate               : Executing prepared SQL update
2026-04-03T11:05:53.750+09:00 DEBUG 3824 --- [fregrance] [           main] o.s.jdbc.core.JdbcTemplate               : Executing prepared SQL statement [DELETE FROM reservation_slots WHERE slot_date = ?]
2026-04-03T11:05:53.752+09:00 DEBUG 3824 --- [fregrance] [           main] o.s.jdbc.core.JdbcTemplate               : Executing prepared SQL update
2026-04-03T11:05:53.752+09:00 DEBUG 3824 --- [fregrance] [           main] o.s.jdbc.core.JdbcTemplate               : Executing prepared SQL statement [INSERT INTO reservation_slots (slot_date, slot_time, status, instructor_name, created_at, updated_at) VALUES (?, '10:30:00', 'open', ?, CURRENT_TIMESTAMP, CURRENT_TIMESTAMP)]
2026-04-03T11:05:53.759+09:00 DEBUG 3824 --- [fregrance] [           main] o.s.web.client.RestTemplate              : HTTP POST http://localhost:49903/api/reservations
2026-04-03T11:05:53.760+09:00 DEBUG 3824 --- [fregrance] [           main] o.s.web.client.RestTemplate              : Accept=[text/plain, application/json, application/*+json, */*]
2026-04-03T11:05:53.760+09:00 DEBUG 3824 --- [fregrance] [           main] o.s.web.client.RestTemplate              : Writing [{slotId=2099-12-30_1030, slotLabel=12/30 10:30, visitType=初回ワークショップ, guestCount=1名, staffMemo=テスト予約}] as "application/json"
2026-04-03T11:05:53.764+09:00 DEBUG 3824 --- [fregrance] [o-auto-1-exec-9] o.s.web.servlet.DispatcherServlet        : POST "/api/reservations", parameters={}
2026-04-03T11:05:53.765+09:00 DEBUG 3824 --- [fregrance] [o-auto-1-exec-9] s.w.s.m.m.a.RequestMappingHandlerMapping : Mapped to com.fregrance.app.controller.ReservationApiController#createReservation(ReservationForm)
2026-04-03T11:05:53.766+09:00 DEBUG 3824 --- [fregrance] [o-auto-1-exec-9] m.m.a.RequestResponseBodyMethodProcessor : Read "application/json;charset=UTF-8" to [com.fregrance.app.form.ReservationForm@3dc83707]
2026-04-03T11:05:53.805+09:00 DEBUG 3824 --- [fregrance] [o-auto-1-exec-9] o.s.w.s.m.m.a.HttpEntityMethodProcessor  : Using 'application/json', given [text/plain, application/json, application/*+json, */*] and supported [application/json, application/*+json]
2026-04-03T11:05:53.809+09:00 DEBUG 3824 --- [fregrance] [o-auto-1-exec-9] o.s.w.s.m.m.a.HttpEntityMethodProcessor  : Writing [ReservationResponse[reservationCode=26832505, slotId=2099-12-30_1030, slotLabel=12/30 10:30, visitTy (truncated)...]
2026-04-03T11:05:53.809+09:00 DEBUG 3824 --- [fregrance] [o-auto-1-exec-9] o.s.web.servlet.DispatcherServlet        : Completed 201 CREATED
2026-04-03T11:05:53.811+09:00 DEBUG 3824 --- [fregrance] [           main] o.s.web.client.RestTemplate              : Response 201 CREATED
2026-04-03T11:05:53.811+09:00 DEBUG 3824 --- [fregrance] [           main] o.s.web.client.RestTemplate              : Reading to [java.lang.String] as "application/json"
2026-04-03T11:05:53.815+09:00 DEBUG 3824 --- [fregrance] [           main] o.s.web.client.RestTemplate              : HTTP POST http://localhost:49903/api/reservations
2026-04-03T11:05:53.817+09:00 DEBUG 3824 --- [fregrance] [           main] o.s.web.client.RestTemplate              : Accept=[text/plain, application/json, application/*+json, */*]
2026-04-03T11:05:53.817+09:00 DEBUG 3824 --- [fregrance] [           main] o.s.web.client.RestTemplate              : Writing [{staffMemo=重複予約, guestCount=1名, slotLabel=12/30 10:30, slotId=2099-12-30_1030, visitType=初回ワークショップ}] as "application/json"
2026-04-03T11:05:53.821+09:00 DEBUG 3824 --- [fregrance] [-auto-1-exec-10] o.s.web.servlet.DispatcherServlet        : POST "/api/reservations", parameters={}
2026-04-03T11:05:53.821+09:00 DEBUG 3824 --- [fregrance] [-auto-1-exec-10] s.w.s.m.m.a.RequestMappingHandlerMapping : Mapped to com.fregrance.app.controller.ReservationApiController#createReservation(ReservationForm)
2026-04-03T11:05:53.821+09:00 DEBUG 3824 --- [fregrance] [-auto-1-exec-10] m.m.a.RequestResponseBodyMethodProcessor : Read "application/json;charset=UTF-8" to [com.fregrance.app.form.ReservationForm@52b99ac3]
2026-04-03T11:05:53.831+09:00 DEBUG 3824 --- [fregrance] [-auto-1-exec-10] .m.m.a.ExceptionHandlerExceptionResolver : Using @ExceptionHandler com.fregrance.app.advice.ApiExceptionHandler#handleReservationConflict(ReservationConflictException)
2026-04-03T11:05:53.831+09:00 DEBUG 3824 --- [fregrance] [-auto-1-exec-10] o.s.w.s.m.m.a.HttpEntityMethodProcessor  : Using 'application/json', given [text/plain, application/json, application/*+json, */*] and supported [application/json, application/*+json]
2026-04-03T11:05:53.831+09:00 DEBUG 3824 --- [fregrance] [-auto-1-exec-10] o.s.w.s.m.m.a.HttpEntityMethodProcessor  : Writing [ErrorResponse[code=RESERVATION_CONFLICT, message=Selected reservation slot is no longer available, t (truncated)...]
2026-04-03T11:05:53.831+09:00 DEBUG 3824 --- [fregrance] [-auto-1-exec-10] .m.m.a.ExceptionHandlerExceptionResolver : Resolved [com.fregrance.app.exception.ReservationConflictException: Selected reservation slot is no longer available]
2026-04-03T11:05:53.831+09:00 DEBUG 3824 --- [fregrance] [-auto-1-exec-10] o.s.web.servlet.DispatcherServlet        : Completed 409 CONFLICT
2026-04-03T11:05:53.831+09:00 DEBUG 3824 --- [fregrance] [           main] o.s.web.client.RestTemplate              : Response 409 CONFLICT
2026-04-03T11:05:53.831+09:00 DEBUG 3824 --- [fregrance] [           main] o.s.web.client.RestTemplate              : Reading to [java.lang.String] as "application/json"
2026-04-03T11:05:53.831+09:00 DEBUG 3824 --- [fregrance] [           main] o.s.jdbc.core.JdbcTemplate               : Executing prepared SQL update
2026-04-03T11:05:53.839+09:00 DEBUG 3824 --- [fregrance] [           main] o.s.jdbc.core.JdbcTemplate               : Executing prepared SQL statement [DELETE FROM reservations WHERE reservation_slot_id IN (SELECT id FROM reservation_slots WHERE slot_date IN (?, ?, ?))]
2026-04-03T11:05:53.839+09:00 DEBUG 3824 --- [fregrance] [           main] o.s.jdbc.core.JdbcTemplate               : Executing prepared SQL update
2026-04-03T11:05:53.839+09:00 DEBUG 3824 --- [fregrance] [           main] o.s.jdbc.core.JdbcTemplate               : Executing prepared SQL statement [DELETE FROM reservation_slots WHERE slot_date IN (?, ?, ?)]
2026-04-03T11:05:53.844+09:00 DEBUG 3824 --- [fregrance] [           main] o.s.jdbc.core.JdbcTemplate               : Executing prepared SQL update
2026-04-03T11:05:53.846+09:00 DEBUG 3824 --- [fregrance] [           main] o.s.jdbc.core.JdbcTemplate               : Executing prepared SQL statement [DELETE FROM questionnaire_results WHERE route_code = ?]
]]></system-out>
  </testcase>
  <testcase name="createReservationReturnsBadRequestWhenStaffMemoExceedsLimit" classname="com.fregrance.app.ReservationApiTests" time="0.016">
    <system-out><![CDATA[2026-04-03T11:05:53.855+09:00 DEBUG 3824 --- [fregrance] [           main] o.s.web.client.RestTemplate              : HTTP POST http://localhost:49903/api/reservations
2026-04-03T11:05:53.855+09:00 DEBUG 3824 --- [fregrance] [           main] o.s.web.client.RestTemplate              : Accept=[text/plain, application/json, application/*+json, */*]
2026-04-03T11:05:53.855+09:00 DEBUG 3824 --- [fregrance] [           main] o.s.web.client.RestTemplate              : Writing [{staffMemo=aaaaaaaaaaaaaaaaaaaaaaaaaaaaaaaaaaaaaaaaaaaaaaaaaaaaaaaaaaaaaaaaaaaaaaaaaaaaaaaaaaaaaaaaaaaaaaaaaaaaaaaaaaaaaaaaaaaaaaaaaaaaaaaaaaaaaaaaaaaaaaaaaaaaaaaaaaaaaaaaaaaaaaaaaaaaaaaaaaaaaaaaaaaaaaaaaaaaaaaaaaaaaaaaaaaaaaaaaaaaaaaaaaaaaaaaaaaaaaaaaaaaaaaaaaaaaaaaaaaaaaaaaaaaaaaaaaaaaaaaaaaaaaaaaaaaaaaaaaaaaaaaaaaaaaaaaaaaaaaaaaaaaaaaaaaaaaaaaaaaaaaaaaaaaaaaaaaaaaaaaaaaaaaaaaaaaaaaaaaaaaaaaaaaaaaaaaaaaaaaaaaaaaaaaaaaaaaaaaaaaaaaaaaaaaaaaaaaaaaaaaaaaaaaaaaaaaaaaaaaaaaaaaaaaaaaaaaaaaaaaaaaaaaaaaaaaaaaaaaaa, guestCount=1名, slotLabel=12/30 10:30, slotId=2099-12-30_1030, visitType=初回ワークショップ}] as "application/json"
2026-04-03T11:05:53.857+09:00 DEBUG 3824 --- [fregrance] [o-auto-1-exec-1] o.s.web.servlet.DispatcherServlet        : POST "/api/reservations", parameters={}
2026-04-03T11:05:53.858+09:00 DEBUG 3824 --- [fregrance] [o-auto-1-exec-1] s.w.s.m.m.a.RequestMappingHandlerMapping : Mapped to com.fregrance.app.controller.ReservationApiController#createReservation(ReservationForm)
2026-04-03T11:05:53.858+09:00 DEBUG 3824 --- [fregrance] [o-auto-1-exec-1] m.m.a.RequestResponseBodyMethodProcessor : Read "application/json;charset=UTF-8" to [com.fregrance.app.form.ReservationForm@1a8a6943]
2026-04-03T11:05:53.859+09:00 DEBUG 3824 --- [fregrance] [o-auto-1-exec-1] .m.m.a.ExceptionHandlerExceptionResolver : Using @ExceptionHandler com.fregrance.app.advice.ApiExceptionHandler#handleValidation(MethodArgumentNotValidException)
2026-04-03T11:05:53.860+09:00 DEBUG 3824 --- [fregrance] [o-auto-1-exec-1] o.s.w.s.m.m.a.HttpEntityMethodProcessor  : Using 'application/json', given [text/plain, application/json, application/*+json, */*] and supported [application/json, application/*+json]
2026-04-03T11:05:53.860+09:00 DEBUG 3824 --- [fregrance] [o-auto-1-exec-1] o.s.w.s.m.m.a.HttpEntityMethodProcessor  : Writing [ErrorResponse[code=VALIDATION_ERROR, message=Request validation failed, timestamp=2026-04-03T11:05:5 (truncated)...]
2026-04-03T11:05:53.860+09:00 DEBUG 3824 --- [fregrance] [o-auto-1-exec-1] .m.m.a.ExceptionHandlerExceptionResolver : Resolved [org.springframework.web.bind.MethodArgumentNotValidException: Validation failed for argument [0] in public org.springframework.http.ResponseEntity<com.fregrance.app.dto.ReservationResponse> com.fregrance.app.controller.ReservationApiController.createReservation(com.fregrance.app.form.ReservationForm): [Field error in object 'reservationForm' on field 'staffMemo': rejected value [aaaaaaaaaaaaaaaaaaaaaaaaaaaaaaaaaaaaaaaaaaaaaaaaaaaaaaaaaaaaaaaaaaaaaaaaaaaaaaaaaaaaaaaaaaaaaaaaaaaaaaaaaaaaaaaaaaaaaaaaaaaaaaaaaaaaaaaaaaaaaaaaaaaaaaaaaaaaaaaaaaaaaaaaaaaaaaaaaaaaaaaaaaaaaaaaaaaaaaaaaaaaaaaaaaaaaaaaaaaaaaaaaaaaaaaaaaaaaaaaaaaaaaaaaaaaaaaaaaaaaaaaaaaaaaaaaaaaaaaaaaaaaaaaaaaaaaaaaaaaaaaaaaaaaaaaaaaaaaaaaaaaaaaaaaaaaaaaaaaaaaaaaaaaaaaaaaaaaaaaaaaaaaaaaaaaaaaaaaaaaaaaaaaaaaaaaaaaaaaaaaaaaaaaaaaaaaaaaaaaaaaaaaaaaaaaaaaaaaaaaaaaaaaaaaaaaaaaaaaaaaaaaaaaaaaaaaaaaaaaaaaaaaaaaaaaaaaaaaaaa]; codes [Size.reservationForm.staffMemo,Size.staffMemo,Size.java.lang.String,Size]; arguments [org.springframework.context.support.DefaultMessageSourceResolvable: codes [reservationForm.staffMemo,staffMemo]; arguments []; default message [staffMemo],500,0]; default message [staffMemo must be 500 characters or less]] ]
2026-04-03T11:05:53.861+09:00 DEBUG 3824 --- [fregrance] [o-auto-1-exec-1] o.s.web.servlet.DispatcherServlet        : Completed 400 BAD_REQUEST
2026-04-03T11:05:53.861+09:00 DEBUG 3824 --- [fregrance] [           main] o.s.web.client.RestTemplate              : Response 400 BAD_REQUEST
2026-04-03T11:05:53.861+09:00 DEBUG 3824 --- [fregrance] [           main] o.s.web.client.RestTemplate              : Reading to [java.lang.String] as "application/json"
2026-04-03T11:05:53.862+09:00 DEBUG 3824 --- [fregrance] [           main] o.s.jdbc.core.JdbcTemplate               : Executing prepared SQL update
2026-04-03T11:05:53.862+09:00 DEBUG 3824 --- [fregrance] [           main] o.s.jdbc.core.JdbcTemplate               : Executing prepared SQL statement [DELETE FROM reservations WHERE reservation_slot_id IN (SELECT id FROM reservation_slots WHERE slot_date IN (?, ?, ?))]
2026-04-03T11:05:53.864+09:00 DEBUG 3824 --- [fregrance] [           main] o.s.jdbc.core.JdbcTemplate               : Executing prepared SQL update
2026-04-03T11:05:53.864+09:00 DEBUG 3824 --- [fregrance] [           main] o.s.jdbc.core.JdbcTemplate               : Executing prepared SQL statement [DELETE FROM reservation_slots WHERE slot_date IN (?, ?, ?)]
2026-04-03T11:05:53.865+09:00 DEBUG 3824 --- [fregrance] [           main] o.s.jdbc.core.JdbcTemplate               : Executing prepared SQL update
2026-04-03T11:05:53.865+09:00 DEBUG 3824 --- [fregrance] [           main] o.s.jdbc.core.JdbcTemplate               : Executing prepared SQL statement [DELETE FROM questionnaire_results WHERE route_code = ?]
]]></system-out>
  </testcase>
  <testcase name="createReservationReturnsNotFoundWhenSlotDoesNotExist" classname="com.fregrance.app.ReservationApiTests" time="0.025">
    <system-out><![CDATA[2026-04-03T11:05:53.873+09:00 DEBUG 3824 --- [fregrance] [           main] o.s.web.client.RestTemplate              : HTTP POST http://localhost:49903/api/reservations
2026-04-03T11:05:53.873+09:00 DEBUG 3824 --- [fregrance] [           main] o.s.web.client.RestTemplate              : Accept=[text/plain, application/json, application/*+json, */*]
2026-04-03T11:05:53.873+09:00 DEBUG 3824 --- [fregrance] [           main] o.s.web.client.RestTemplate              : Writing [{staffMemo=存在しない枠, guestCount=1名, slotLabel=12/28 10:30, slotId=2099-12-28_1030, visitType=初回ワークショップ}] as "application/json"
2026-04-03T11:05:53.877+09:00 DEBUG 3824 --- [fregrance] [o-auto-1-exec-2] o.s.web.servlet.DispatcherServlet        : POST "/api/reservations", parameters={}
2026-04-03T11:05:53.877+09:00 DEBUG 3824 --- [fregrance] [o-auto-1-exec-2] s.w.s.m.m.a.RequestMappingHandlerMapping : Mapped to com.fregrance.app.controller.ReservationApiController#createReservation(ReservationForm)
2026-04-03T11:05:53.878+09:00 DEBUG 3824 --- [fregrance] [o-auto-1-exec-2] m.m.a.RequestResponseBodyMethodProcessor : Read "application/json;charset=UTF-8" to [com.fregrance.app.form.ReservationForm@1fc55c38]
2026-04-03T11:05:53.883+09:00 DEBUG 3824 --- [fregrance] [o-auto-1-exec-2] .m.m.a.ExceptionHandlerExceptionResolver : Using @ExceptionHandler com.fregrance.app.advice.ApiExceptionHandler#handleNotFound(ResourceNotFoundException)
2026-04-03T11:05:53.883+09:00 DEBUG 3824 --- [fregrance] [o-auto-1-exec-2] o.s.w.s.m.m.a.HttpEntityMethodProcessor  : Using 'application/json', given [text/plain, application/json, application/*+json, */*] and supported [application/json, application/*+json]
2026-04-03T11:05:53.884+09:00 DEBUG 3824 --- [fregrance] [o-auto-1-exec-2] o.s.w.s.m.m.a.HttpEntityMethodProcessor  : Writing [ErrorResponse[code=NOT_FOUND, message=Selected reservation slot was not found, timestamp=2026-04-03T (truncated)...]
2026-04-03T11:05:53.884+09:00 DEBUG 3824 --- [fregrance] [o-auto-1-exec-2] .m.m.a.ExceptionHandlerExceptionResolver : Resolved [com.fregrance.app.exception.ResourceNotFoundException: Selected reservation slot was not found]
2026-04-03T11:05:53.884+09:00 DEBUG 3824 --- [fregrance] [o-auto-1-exec-2] o.s.web.servlet.DispatcherServlet        : Completed 404 NOT_FOUND
2026-04-03T11:05:53.885+09:00 DEBUG 3824 --- [fregrance] [           main] o.s.web.client.RestTemplate              : Response 404 NOT_FOUND
2026-04-03T11:05:53.885+09:00 DEBUG 3824 --- [fregrance] [           main] o.s.web.client.RestTemplate              : Reading to [java.lang.String] as "application/json"
2026-04-03T11:05:53.886+09:00 DEBUG 3824 --- [fregrance] [           main] o.s.jdbc.core.JdbcTemplate               : Executing prepared SQL update
2026-04-03T11:05:53.886+09:00 DEBUG 3824 --- [fregrance] [           main] o.s.jdbc.core.JdbcTemplate               : Executing prepared SQL statement [DELETE FROM reservations WHERE reservation_slot_id IN (SELECT id FROM reservation_slots WHERE slot_date IN (?, ?, ?))]
2026-04-03T11:05:53.888+09:00 DEBUG 3824 --- [fregrance] [           main] o.s.jdbc.core.JdbcTemplate               : Executing prepared SQL update
2026-04-03T11:05:53.888+09:00 DEBUG 3824 --- [fregrance] [           main] o.s.jdbc.core.JdbcTemplate               : Executing prepared SQL statement [DELETE FROM reservation_slots WHERE slot_date IN (?, ?, ?)]
2026-04-03T11:05:53.890+09:00 DEBUG 3824 --- [fregrance] [           main] o.s.jdbc.core.JdbcTemplate               : Executing prepared SQL update
2026-04-03T11:05:53.890+09:00 DEBUG 3824 --- [fregrance] [           main] o.s.jdbc.core.JdbcTemplate               : Executing prepared SQL statement [DELETE FROM questionnaire_results WHERE route_code = ?]
]]></system-out>
  </testcase>
  <testcase name="getReservationReturnsPersistedReservationForCompletePageReload" classname="com.fregrance.app.ReservationApiTests" time="0.064">
    <system-out><![CDATA[2026-04-03T11:05:53.902+09:00 DEBUG 3824 --- [fregrance] [           main] o.s.jdbc.core.JdbcTemplate               : Executing prepared SQL update
2026-04-03T11:05:53.902+09:00 DEBUG 3824 --- [fregrance] [           main] o.s.jdbc.core.JdbcTemplate               : Executing prepared SQL statement [DELETE FROM reservation_slots WHERE slot_date = ?]
2026-04-03T11:05:53.902+09:00 DEBUG 3824 --- [fregrance] [           main] o.s.jdbc.core.JdbcTemplate               : Executing prepared SQL update
2026-04-03T11:05:53.902+09:00 DEBUG 3824 --- [fregrance] [           main] o.s.jdbc.core.JdbcTemplate               : Executing prepared SQL statement [INSERT INTO reservation_slots (slot_date, slot_time, status, instructor_name, created_at, updated_at) VALUES (?, '10:30:00', 'open', ?, CURRENT_TIMESTAMP, CURRENT_TIMESTAMP)]
2026-04-03T11:05:53.902+09:00 DEBUG 3824 --- [fregrance] [           main] o.s.web.client.RestTemplate              : HTTP POST http://localhost:49903/api/reservations
2026-04-03T11:05:53.902+09:00 DEBUG 3824 --- [fregrance] [           main] o.s.web.client.RestTemplate              : Accept=[text/plain, application/json, application/*+json, */*]
2026-04-03T11:05:53.902+09:00 DEBUG 3824 --- [fregrance] [           main] o.s.web.client.RestTemplate              : Writing [{slotId=2099-12-30_1030, slotLabel=12/30 10:30, visitType=初回ワークショップ, guestCount=1名, staffMemo=テスト予約}] as "application/json"
2026-04-03T11:05:53.915+09:00 DEBUG 3824 --- [fregrance] [o-auto-1-exec-3] o.s.web.servlet.DispatcherServlet        : POST "/api/reservations", parameters={}
2026-04-03T11:05:53.918+09:00 DEBUG 3824 --- [fregrance] [o-auto-1-exec-3] s.w.s.m.m.a.RequestMappingHandlerMapping : Mapped to com.fregrance.app.controller.ReservationApiController#createReservation(ReservationForm)
2026-04-03T11:05:53.918+09:00 DEBUG 3824 --- [fregrance] [o-auto-1-exec-3] m.m.a.RequestResponseBodyMethodProcessor : Read "application/json;charset=UTF-8" to [com.fregrance.app.form.ReservationForm@591cb06b]
2026-04-03T11:05:53.935+09:00 DEBUG 3824 --- [fregrance] [o-auto-1-exec-3] o.s.w.s.m.m.a.HttpEntityMethodProcessor  : Using 'application/json', given [text/plain, application/json, application/*+json, */*] and supported [application/json, application/*+json]
2026-04-03T11:05:53.935+09:00 DEBUG 3824 --- [fregrance] [o-auto-1-exec-3] o.s.w.s.m.m.a.HttpEntityMethodProcessor  : Writing [ReservationResponse[reservationCode=2494613F, slotId=2099-12-30_1030, slotLabel=12/30 10:30, visitTy (truncated)...]
2026-04-03T11:05:53.935+09:00 DEBUG 3824 --- [fregrance] [o-auto-1-exec-3] o.s.web.servlet.DispatcherServlet        : Completed 201 CREATED
2026-04-03T11:05:53.935+09:00 DEBUG 3824 --- [fregrance] [           main] o.s.web.client.RestTemplate              : Response 201 CREATED
2026-04-03T11:05:53.935+09:00 DEBUG 3824 --- [fregrance] [           main] o.s.web.client.RestTemplate              : Reading to [java.lang.String] as "application/json"
2026-04-03T11:05:53.935+09:00 DEBUG 3824 --- [fregrance] [           main] o.s.web.client.RestTemplate              : HTTP GET http://localhost:49903/api/reservations/2494613F
2026-04-03T11:05:53.935+09:00 DEBUG 3824 --- [fregrance] [           main] o.s.web.client.RestTemplate              : Accept=[text/plain, application/json, application/*+json, */*]
2026-04-03T11:05:53.935+09:00 DEBUG 3824 --- [fregrance] [o-auto-1-exec-4] o.s.web.servlet.DispatcherServlet        : GET "/api/reservations/2494613F", parameters={}
2026-04-03T11:05:53.935+09:00 DEBUG 3824 --- [fregrance] [o-auto-1-exec-4] s.w.s.m.m.a.RequestMappingHandlerMapping : Mapped to com.fregrance.app.controller.ReservationApiController#getReservation(String)
2026-04-03T11:05:53.949+09:00 DEBUG 3824 --- [fregrance] [o-auto-1-exec-4] o.s.w.s.m.m.a.HttpEntityMethodProcessor  : Using 'application/json', given [text/plain, application/json, application/*+json, */*] and supported [application/json, application/*+json]
2026-04-03T11:05:53.949+09:00 DEBUG 3824 --- [fregrance] [o-auto-1-exec-4] o.s.w.s.m.m.a.HttpEntityMethodProcessor  : Writing [ReservationResponse[reservationCode=2494613F, slotId=2099-12-30_1030, slotLabel=12/30 10:30, visitTy (truncated)...]
2026-04-03T11:05:53.950+09:00 DEBUG 3824 --- [fregrance] [o-auto-1-exec-4] o.s.web.servlet.DispatcherServlet        : Completed 200 OK
2026-04-03T11:05:53.951+09:00 DEBUG 3824 --- [fregrance] [           main] o.s.web.client.RestTemplate              : Response 200 OK
2026-04-03T11:05:53.951+09:00 DEBUG 3824 --- [fregrance] [           main] o.s.web.client.RestTemplate              : Reading to [java.lang.String] as "application/json"
2026-04-03T11:05:53.952+09:00 DEBUG 3824 --- [fregrance] [           main] o.s.jdbc.core.JdbcTemplate               : Executing prepared SQL update
2026-04-03T11:05:53.952+09:00 DEBUG 3824 --- [fregrance] [           main] o.s.jdbc.core.JdbcTemplate               : Executing prepared SQL statement [DELETE FROM reservations WHERE reservation_slot_id IN (SELECT id FROM reservation_slots WHERE slot_date IN (?, ?, ?))]
2026-04-03T11:05:53.956+09:00 DEBUG 3824 --- [fregrance] [           main] o.s.jdbc.core.JdbcTemplate               : Executing prepared SQL update
2026-04-03T11:05:53.956+09:00 DEBUG 3824 --- [fregrance] [           main] o.s.jdbc.core.JdbcTemplate               : Executing prepared SQL statement [DELETE FROM reservation_slots WHERE slot_date IN (?, ?, ?)]
2026-04-03T11:05:53.958+09:00 DEBUG 3824 --- [fregrance] [           main] o.s.jdbc.core.JdbcTemplate               : Executing prepared SQL update
2026-04-03T11:05:53.958+09:00 DEBUG 3824 --- [fregrance] [           main] o.s.jdbc.core.JdbcTemplate               : Executing prepared SQL statement [DELETE FROM questionnaire_results WHERE route_code = ?]
]]></system-out>
  </testcase>
  <testcase name="createReservationPersistsQuestionnaireResultCodeWhenProvided" classname="com.fregrance.app.ReservationApiTests" time="0.059">
    <system-out><![CDATA[2026-04-03T11:05:53.968+09:00 DEBUG 3824 --- [fregrance] [           main] o.s.jdbc.core.JdbcTemplate               : Executing prepared SQL update
2026-04-03T11:05:53.968+09:00 DEBUG 3824 --- [fregrance] [           main] o.s.jdbc.core.JdbcTemplate               : Executing prepared SQL statement [DELETE FROM reservation_slots WHERE slot_date = ?]
2026-04-03T11:05:53.969+09:00 DEBUG 3824 --- [fregrance] [           main] o.s.jdbc.core.JdbcTemplate               : Executing prepared SQL update
2026-04-03T11:05:53.970+09:00 DEBUG 3824 --- [fregrance] [           main] o.s.jdbc.core.JdbcTemplate               : Executing prepared SQL statement [INSERT INTO reservation_slots (slot_date, slot_time, status, instructor_name, created_at, updated_at) VALUES (?, '10:30:00', 'open', ?, CURRENT_TIMESTAMP, CURRENT_TIMESTAMP)]
2026-04-03T11:05:53.972+09:00 DEBUG 3824 --- [fregrance] [           main] o.s.jdbc.core.JdbcTemplate               : Executing prepared SQL update
2026-04-03T11:05:53.972+09:00 DEBUG 3824 --- [fregrance] [           main] o.s.jdbc.core.JdbcTemplate               : Executing prepared SQL statement [INSERT INTO questionnaire_results (result_code, route_code, step1_answers_json, step2_answers_json, graph_axes_json, created_at, updated_at) VALUES (?, ?, ?, ?, ?, CURRENT_TIMESTAMP, CURRENT_TIMESTAMP)]
2026-04-03T11:05:53.976+09:00 DEBUG 3824 --- [fregrance] [           main] o.s.web.client.RestTemplate              : HTTP POST http://localhost:49903/api/reservations
2026-04-03T11:05:53.976+09:00 DEBUG 3824 --- [fregrance] [           main] o.s.web.client.RestTemplate              : Accept=[text/plain, application/json, application/*+json, */*]
2026-04-03T11:05:53.976+09:00 DEBUG 3824 --- [fregrance] [           main] o.s.web.client.RestTemplate              : Writing [{slotId=2099-12-30_1030, slotLabel=12/30 10:30, visitType=初回ワークショップ, guestCount=1名, staffMemo=テスト予約, questionnaireResultCode=QR-LINKED1}] as "application/json"
2026-04-03T11:05:53.979+09:00 DEBUG 3824 --- [fregrance] [o-auto-1-exec-5] o.s.web.servlet.DispatcherServlet        : POST "/api/reservations", parameters={}
2026-04-03T11:05:53.979+09:00 DEBUG 3824 --- [fregrance] [o-auto-1-exec-5] s.w.s.m.m.a.RequestMappingHandlerMapping : Mapped to com.fregrance.app.controller.ReservationApiController#createReservation(ReservationForm)
2026-04-03T11:05:53.980+09:00 DEBUG 3824 --- [fregrance] [o-auto-1-exec-5] m.m.a.RequestResponseBodyMethodProcessor : Read "application/json;charset=UTF-8" to [com.fregrance.app.form.ReservationForm@2b986e77]
2026-04-03T11:05:53.994+09:00 DEBUG 3824 --- [fregrance] [o-auto-1-exec-5] o.s.w.s.m.m.a.HttpEntityMethodProcessor  : Using 'application/json', given [text/plain, application/json, application/*+json, */*] and supported [application/json, application/*+json]
2026-04-03T11:05:53.995+09:00 DEBUG 3824 --- [fregrance] [o-auto-1-exec-5] o.s.w.s.m.m.a.HttpEntityMethodProcessor  : Writing [ReservationResponse[reservationCode=1BE5D002, slotId=2099-12-30_1030, slotLabel=12/30 10:30, visitTy (truncated)...]
2026-04-03T11:05:53.996+09:00 DEBUG 3824 --- [fregrance] [o-auto-1-exec-5] o.s.web.servlet.DispatcherServlet        : Completed 201 CREATED
2026-04-03T11:05:53.998+09:00 DEBUG 3824 --- [fregrance] [           main] o.s.web.client.RestTemplate              : Response 201 CREATED
2026-04-03T11:05:53.999+09:00 DEBUG 3824 --- [fregrance] [           main] o.s.web.client.RestTemplate              : Reading to [java.lang.String] as "application/json"
2026-04-03T11:05:53.999+09:00 DEBUG 3824 --- [fregrance] [           main] o.s.jdbc.core.JdbcTemplate               : Executing prepared SQL query
2026-04-03T11:05:53.999+09:00 DEBUG 3824 --- [fregrance] [           main] o.s.jdbc.core.JdbcTemplate               : Executing prepared SQL statement [SELECT questionnaire_result_code FROM reservations WHERE reservation_code = ?]
2026-04-03T11:05:54.002+09:00 DEBUG 3824 --- [fregrance] [           main] o.s.jdbc.core.JdbcTemplate               : Executing prepared SQL update
2026-04-03T11:05:54.003+09:00 DEBUG 3824 --- [fregrance] [           main] o.s.jdbc.core.JdbcTemplate               : Executing prepared SQL statement [DELETE FROM reservations WHERE reservation_slot_id IN (SELECT id FROM reservation_slots WHERE slot_date IN (?, ?, ?))]
2026-04-03T11:05:54.011+09:00 DEBUG 3824 --- [fregrance] [           main] o.s.jdbc.core.JdbcTemplate               : Executing prepared SQL update
2026-04-03T11:05:54.011+09:00 DEBUG 3824 --- [fregrance] [           main] o.s.jdbc.core.JdbcTemplate               : Executing prepared SQL statement [DELETE FROM reservation_slots WHERE slot_date IN (?, ?, ?)]
2026-04-03T11:05:54.017+09:00 DEBUG 3824 --- [fregrance] [           main] o.s.jdbc.core.JdbcTemplate               : Executing prepared SQL update
2026-04-03T11:05:54.017+09:00 DEBUG 3824 --- [fregrance] [           main] o.s.jdbc.core.JdbcTemplate               : Executing prepared SQL statement [DELETE FROM questionnaire_results WHERE route_code = ?]
]]></system-out>
  </testcase>
  <testcase name="reservationSlotsEndpointReturnsDatabaseDataWhenSlotsExist" classname="com.fregrance.app.ReservationApiTests" time="0.051">
    <system-out><![CDATA[2026-04-03T11:05:54.039+09:00 DEBUG 3824 --- [fregrance] [           main] o.s.jdbc.core.JdbcTemplate               : Executing prepared SQL update
2026-04-03T11:05:54.039+09:00 DEBUG 3824 --- [fregrance] [           main] o.s.jdbc.core.JdbcTemplate               : Executing prepared SQL statement [DELETE FROM reservation_slots WHERE slot_date = ?]
2026-04-03T11:05:54.041+09:00 DEBUG 3824 --- [fregrance] [           main] o.s.jdbc.core.JdbcTemplate               : Executing prepared SQL update
2026-04-03T11:05:54.041+09:00 DEBUG 3824 --- [fregrance] [           main] o.s.jdbc.core.JdbcTemplate               : Executing prepared SQL statement [INSERT INTO reservation_slots (slot_date, slot_time, status, instructor_name, created_at, updated_at) VALUES (?, '18:00:00', 'open', 'DbVerifier', CURRENT_TIMESTAMP, CURRENT_TIMESTAMP)]
2026-04-03T11:05:54.046+09:00 DEBUG 3824 --- [fregrance] [           main] o.s.web.client.RestTemplate              : HTTP GET http://localhost:49903/api/reservation-slots?date=2099-12-31
2026-04-03T11:05:54.047+09:00 DEBUG 3824 --- [fregrance] [           main] o.s.web.client.RestTemplate              : Accept=[text/plain, application/json, application/*+json, */*]
2026-04-03T11:05:54.051+09:00 DEBUG 3824 --- [fregrance] [o-auto-1-exec-6] o.s.web.servlet.DispatcherServlet        : GET "/api/reservation-slots?date=2099-12-31", parameters={masked}
2026-04-03T11:05:54.052+09:00 DEBUG 3824 --- [fregrance] [o-auto-1-exec-6] s.w.s.m.m.a.RequestMappingHandlerMapping : Mapped to com.fregrance.app.controller.ReservationApiController#getAvailableSlots(LocalDate)
2026-04-03T11:05:54.067+09:00 DEBUG 3824 --- [fregrance] [o-auto-1-exec-6] m.m.a.RequestResponseBodyMethodProcessor : Using 'application/json', given [text/plain, application/json, application/*+json, */*] and supported [application/json, application/*+json]
2026-04-03T11:05:54.069+09:00 DEBUG 3824 --- [fregrance] [o-auto-1-exec-6] m.m.a.RequestResponseBodyMethodProcessor : Writing [[ReservationSlotResponse[slotId=2099-12-31_1800, date=2099-12-31, time=18:00, label=12/31 18:00, sta (truncated)...]
2026-04-03T11:05:54.071+09:00 DEBUG 3824 --- [fregrance] [o-auto-1-exec-6] o.s.web.servlet.DispatcherServlet        : Completed 200 OK
2026-04-03T11:05:54.071+09:00 DEBUG 3824 --- [fregrance] [           main] o.s.web.client.RestTemplate              : Response 200 OK
2026-04-03T11:05:54.072+09:00 DEBUG 3824 --- [fregrance] [           main] o.s.web.client.RestTemplate              : Reading to [java.lang.String] as "application/json"
2026-04-03T11:05:54.073+09:00 DEBUG 3824 --- [fregrance] [           main] o.s.jdbc.core.JdbcTemplate               : Executing prepared SQL update
2026-04-03T11:05:54.073+09:00 DEBUG 3824 --- [fregrance] [           main] o.s.jdbc.core.JdbcTemplate               : Executing prepared SQL statement [DELETE FROM reservations WHERE reservation_slot_id IN (SELECT id FROM reservation_slots WHERE slot_date IN (?, ?, ?))]
2026-04-03T11:05:54.075+09:00 DEBUG 3824 --- [fregrance] [           main] o.s.jdbc.core.JdbcTemplate               : Executing prepared SQL update
2026-04-03T11:05:54.075+09:00 DEBUG 3824 --- [fregrance] [           main] o.s.jdbc.core.JdbcTemplate               : Executing prepared SQL statement [DELETE FROM reservation_slots WHERE slot_date IN (?, ?, ?)]
2026-04-03T11:05:54.078+09:00 DEBUG 3824 --- [fregrance] [           main] o.s.jdbc.core.JdbcTemplate               : Executing prepared SQL update
2026-04-03T11:05:54.079+09:00 DEBUG 3824 --- [fregrance] [           main] o.s.jdbc.core.JdbcTemplate               : Executing prepared SQL statement [DELETE FROM questionnaire_results WHERE route_code = ?]
]]></system-out>
  </testcase>
  <testcase name="createReservationPersistsToDatabaseWhenSlotExists" classname="com.fregrance.app.ReservationApiTests" time="0.047">
    <system-out><![CDATA[2026-04-03T11:05:54.086+09:00 DEBUG 3824 --- [fregrance] [           main] o.s.jdbc.core.JdbcTemplate               : Executing prepared SQL update
2026-04-03T11:05:54.087+09:00 DEBUG 3824 --- [fregrance] [           main] o.s.jdbc.core.JdbcTemplate               : Executing prepared SQL statement [DELETE FROM reservation_slots WHERE slot_date = ?]
2026-04-03T11:05:54.088+09:00 DEBUG 3824 --- [fregrance] [           main] o.s.jdbc.core.JdbcTemplate               : Executing prepared SQL update
2026-04-03T11:05:54.088+09:00 DEBUG 3824 --- [fregrance] [           main] o.s.jdbc.core.JdbcTemplate               : Executing prepared SQL statement [INSERT INTO reservation_slots (slot_date, slot_time, status, instructor_name, created_at, updated_at) VALUES (?, '10:30:00', 'open', ?, CURRENT_TIMESTAMP, CURRENT_TIMESTAMP)]
2026-04-03T11:05:54.092+09:00 DEBUG 3824 --- [fregrance] [           main] o.s.web.client.RestTemplate              : HTTP POST http://localhost:49903/api/reservations
2026-04-03T11:05:54.092+09:00 DEBUG 3824 --- [fregrance] [           main] o.s.web.client.RestTemplate              : Accept=[text/plain, application/json, application/*+json, */*]
2026-04-03T11:05:54.092+09:00 DEBUG 3824 --- [fregrance] [           main] o.s.web.client.RestTemplate              : Writing [{slotId=2099-12-30_1030, slotLabel=12/30 10:30, visitType=初回ワークショップ, guestCount=1名, staffMemo=テスト予約}] as "application/json"
2026-04-03T11:05:54.095+09:00 DEBUG 3824 --- [fregrance] [o-auto-1-exec-7] o.s.web.servlet.DispatcherServlet        : POST "/api/reservations", parameters={}
2026-04-03T11:05:54.096+09:00 DEBUG 3824 --- [fregrance] [o-auto-1-exec-7] s.w.s.m.m.a.RequestMappingHandlerMapping : Mapped to com.fregrance.app.controller.ReservationApiController#createReservation(ReservationForm)
2026-04-03T11:05:54.097+09:00 DEBUG 3824 --- [fregrance] [o-auto-1-exec-7] m.m.a.RequestResponseBodyMethodProcessor : Read "application/json;charset=UTF-8" to [com.fregrance.app.form.ReservationForm@36f8425e]
2026-04-03T11:05:54.110+09:00 DEBUG 3824 --- [fregrance] [o-auto-1-exec-7] o.s.w.s.m.m.a.HttpEntityMethodProcessor  : Using 'application/json', given [text/plain, application/json, application/*+json, */*] and supported [application/json, application/*+json]
2026-04-03T11:05:54.110+09:00 DEBUG 3824 --- [fregrance] [o-auto-1-exec-7] o.s.w.s.m.m.a.HttpEntityMethodProcessor  : Writing [ReservationResponse[reservationCode=88DA0990, slotId=2099-12-30_1030, slotLabel=12/30 10:30, visitTy (truncated)...]
2026-04-03T11:05:54.112+09:00 DEBUG 3824 --- [fregrance] [o-auto-1-exec-7] o.s.web.servlet.DispatcherServlet        : Completed 201 CREATED
2026-04-03T11:05:54.113+09:00 DEBUG 3824 --- [fregrance] [           main] o.s.web.client.RestTemplate              : Response 201 CREATED
2026-04-03T11:05:54.113+09:00 DEBUG 3824 --- [fregrance] [           main] o.s.web.client.RestTemplate              : Reading to [java.lang.String] as "application/json"
2026-04-03T11:05:54.114+09:00 DEBUG 3824 --- [fregrance] [           main] o.s.jdbc.core.JdbcTemplate               : Executing prepared SQL query
2026-04-03T11:05:54.115+09:00 DEBUG 3824 --- [fregrance] [           main] o.s.jdbc.core.JdbcTemplate               : Executing prepared SQL statement [SELECT COUNT(*) FROM reservations WHERE reservation_code = ?]
2026-04-03T11:05:54.120+09:00 DEBUG 3824 --- [fregrance] [           main] o.s.jdbc.core.JdbcTemplate               : Executing prepared SQL update
2026-04-03T11:05:54.120+09:00 DEBUG 3824 --- [fregrance] [           main] o.s.jdbc.core.JdbcTemplate               : Executing prepared SQL statement [DELETE FROM reservations WHERE reservation_slot_id IN (SELECT id FROM reservation_slots WHERE slot_date IN (?, ?, ?))]
2026-04-03T11:05:54.123+09:00 DEBUG 3824 --- [fregrance] [           main] o.s.jdbc.core.JdbcTemplate               : Executing prepared SQL update
2026-04-03T11:05:54.123+09:00 DEBUG 3824 --- [fregrance] [           main] o.s.jdbc.core.JdbcTemplate               : Executing prepared SQL statement [DELETE FROM reservation_slots WHERE slot_date IN (?, ?, ?)]
2026-04-03T11:05:54.126+09:00 DEBUG 3824 --- [fregrance] [           main] o.s.jdbc.core.JdbcTemplate               : Executing prepared SQL update
2026-04-03T11:05:54.126+09:00 DEBUG 3824 --- [fregrance] [           main] o.s.jdbc.core.JdbcTemplate               : Executing prepared SQL statement [DELETE FROM questionnaire_results WHERE route_code = ?]
]]></system-out>
  </testcase>
</testsuite>