<?xml version="1.0" encoding="UTF-8"?>
<testsuite xmlns:xsi="http://www.w3.org/2001/XMLSchema-instance" xsi:noNamespaceSchemaLocation="https://maven.apache.org/surefire/maven-surefire-plugin/xsd/surefire-test-report.xsd" version="3.0.2" name="com.fregrance.app.FregranceApplicationTests" time="5.586" tests="1" errors="0" skipped="0" failures="0">
  <properties>
[...]
</properties>
  <testcase name="healthEndpointReturnsOk" classname="com.fregrance.app.FregranceApplicationTests" time="1.354">
    <system-out><![CDATA[15:48:37.931 [main] INFO org.springframework.test.context.support.AnnotationConfigContextLoaderUtils -- Could not detect default configuration classes for test class [com.fregrance.app.FregranceApplicationTests]: FregranceApplicationTests does not declare any static, non-private, non-final, nested classes annotated with @Configuration.
15:48:38.077 [main] INFO org.springframework.boot.test.context.SpringBootTestContextBootstrapper -- Found @SpringBootConfiguration com.fregrance.app.FregranceApplication for test class com.fregrance.app.FregranceApplicationTests
15:48:38.281 [main] INFO org.springframework.boot.devtools.restart.RestartApplicationListener -- Restart disabled due to context in which it is running

  .   ____          _            __ _ _
 /\\ / ___'_ __ _ _(_)_ __  __ _ \ \ \ \
( ( )\___ | '_ | '_| | '_ \/ _` | \ \ \ \
 \\/  ___)| |_)| | | | | || (_| |  ) ) ) )
  '  |____| .__|_| |_|_| |_\__, | / / / /
 =========|_|==============|___/=/_/_/_/

 :: Spring Boot ::               (v3.5.11)

2026-03-19T15:48:38.658+09:00  INFO 7604 --- [fregrance] [           main] c.f.app.FregranceApplicationTests        : Starting FregranceApplicationTests using Java 21.0.10 with PID 7604 (started by academia in C:\academia\src\Fregrance)
2026-03-19T15:48:38.668+09:00  INFO 7604 --- [fregrance] [           main] c.f.app.FregranceApplicationTests        : No active profile set, falling back to 1 default profile: "default"
2026-03-19T15:48:39.995+09:00  INFO 7604 --- [fregrance] [           main] o.s.b.w.embedded.tomcat.TomcatWebServer  : Tomcat initialized with port 0 (http)
2026-03-19T15:48:39.995+09:00  INFO 7604 --- [fregrance] [           main] o.apache.catalina.core.StandardService   : Starting service [Tomcat]
2026-03-19T15:48:39.995+09:00  INFO 7604 --- [fregrance] [           main] o.apache.catalina.core.StandardEngine    : Starting Servlet engine: [Apache Tomcat/10.1.52]
2026-03-19T15:48:40.062+09:00  INFO 7604 --- [fregrance] [           main] o.a.c.c.C.[Tomcat].[localhost].[/]       : Initializing Spring embedded WebApplicationContext
2026-03-19T15:48:40.062+09:00  INFO 7604 --- [fregrance] [           main] w.s.c.ServletWebServerApplicationContext : Root WebApplicationContext: initialization completed in 1378 ms
2026-03-19T15:48:40.300+09:00  INFO 7604 --- [fregrance] [           main] com.zaxxer.hikari.HikariDataSource       : HikariPool-1 - Starting...
2026-03-19T15:48:40.496+09:00  INFO 7604 --- [fregrance] [           main] com.zaxxer.hikari.pool.HikariPool        : HikariPool-1 - Added connection com.mysql.cj.jdbc.ConnectionImpl@4044589a
2026-03-19T15:48:40.512+09:00  INFO 7604 --- [fregrance] [           main] com.zaxxer.hikari.HikariDataSource       : HikariPool-1 - Start completed.
2026-03-19T15:48:41.036+09:00  WARN 7604 --- [fregrance] [           main] .s.s.UserDetailsServiceAutoConfiguration : 

Using generated security password: 5f56a2a0-1392-4e3d-aa99-8413658ee2f3

This generated password is for development use only. Your security configuration must be updated before running your application in production.

2026-03-19T15:48:41.047+09:00  INFO 7604 --- [fregrance] [           main] r$InitializeUserDetailsManagerConfigurer : Global AuthenticationManager configured with UserDetailsService bean with name inMemoryUserDetailsManager
2026-03-19T15:48:41.171+09:00  INFO 7604 --- [fregrance] [           main] o.s.b.a.w.s.WelcomePageHandlerMapping    : Adding welcome page template: index
2026-03-19T15:48:41.880+09:00  INFO 7604 --- [fregrance] [           main] o.s.b.w.embedded.tomcat.TomcatWebServer  : Tomcat started on port 60477 (http) with context path '/'
2026-03-19T15:48:41.891+09:00  INFO 7604 --- [fregrance] [           main] c.f.app.FregranceApplicationTests        : Started FregranceApplicationTests in 3.626 seconds (process running for 4.804)
2026-03-19T15:48:43.063+09:00  INFO 7604 --- [fregrance] [o-auto-1-exec-1] o.a.c.c.C.[Tomcat].[localhost].[/]       : Initializing Spring DispatcherServlet 'dispatcherServlet'
2026-03-19T15:48:43.063+09:00  INFO 7604 --- [fregrance] [o-auto-1-exec-1] o.s.web.servlet.DispatcherServlet        : Initializing Servlet 'dispatcherServlet'
2026-03-19T15:48:43.063+09:00  INFO 7604 --- [fregrance] [o-auto-1-exec-1] o.s.web.servlet.DispatcherServlet        : Completed initialization in 0 ms
]]></system-out>
    <system-err><![CDATA[Mockito is currently self-attaching to enable the inline-mock-maker. This will no longer work in future releases of the JDK. Please add Mockito as an agent to your build as described in Mockito's documentation: https://javadoc.io/doc/org.mockito/mockito-core/latest/org.mockito/org/mockito/Mockito.html#0.3
WARNING: A Java agent has been loaded dynamically (C:\Users\academia\.m2\repository\net\bytebuddy\byte-buddy-agent\1.17.8\byte-buddy-agent-1.17.8.jar)
WARNING: If a serviceability tool is in use, please run with -XX:+EnableDynamicAgentLoading to hide this warning
WARNING: If a serviceability tool is not in use, please run with -Djdk.instrument.traceUsage for more information
WARNING: Dynamic loading of agents will be disallowed by default in a future release
]]></system-err>
  </testcase>
</testsuite>